23:47:00.006 [scala-execution-context-global-154] INFO  HelperUtils.Parameters$ - X5*h<M+%LMeZU:Ry,mjr
23:47:00.039 [scala-execution-context-global-154] WARN  HelperUtils.Parameters$ - -$KpJ&g!YXY}{D~rdd![gR^Fq"t_,mp7U8eu!f:Q9Cqy9]g+0YsPJTLsL*<e
23:47:00.050 [scala-execution-context-global-154] INFO  HelperUtils.Parameters$ - 6[dE{^+8']TxV'6jlFaP@_SPk)8ch:=E
23:47:00.062 [scala-execution-context-global-154] WARN  HelperUtils.Parameters$ - ig&]Zk3`FTns?}c<Lf9!o65@BFG'8@M"0#U5?zJqW5{=h+_L
23:47:00.074 [scala-execution-context-global-154] INFO  HelperUtils.Parameters$ - HRmOLES]F5O9ce2af1F5mbg1ag1Nc#'&}xx-*EA
23:47:00.103 [scala-execution-context-global-154] INFO  Generation.LogMsgSimulator - 6'WfK=yG^J$g
23:47:00.116 [scala-execution-context-global-154] WARN  HelperUtils.Parameters$ - U7Sg0I,6B3#*B,wU%ZcL
23:47:00.127 [scala-execution-context-global-154] WARN  HelperUtils.Parameters$ - p2!6sFQp3Wc#$)eWrG98_laHIt/K
23:47:00.139 [scala-execution-context-global-154] WARN  HelperUtils.Parameters$ - lVm9!a>p`tH5gP7rcf0cf0E8ss.ReVbyea8
23:47:00.157 [scala-execution-context-global-154] WARN  HelperUtils.Parameters$ - O>MZoC/@Qc/V[SIoi-_re@
23:47:00.169 [scala-execution-context-global-154] WARN  HelperUtils.Parameters$ - sfFl6?].mx_,A|`gI_%p!kj%
23:47:00.181 [scala-execution-context-global-154] WARN  HelperUtils.Parameters$ - O+enePGz?xcV-$(1LUVG\Esz7G$To5<E5@.\7U8#[j77*6irY}
23:47:00.194 [scala-execution-context-global-154] WARN  HelperUtils.Parameters$ - 0'0o/gt#($yww$kn(<C->v+:hA.Y5rbg3D5ibf0Z8wYR_U`IP0B`(nqi:IZ6.Dwq\x]I0
23:47:00.205 [scala-execution-context-global-154] INFO  HelperUtils.Parameters$ - &Lw\DK3F?;'bxZ66FpvVEmfHg*M94sk<-^D60-'7
23:47:00.216 [scala-execution-context-global-154] WARN  HelperUtils.Parameters$ - Q_?4\9N`/>28}Z
23:47:00.228 [scala-execution-context-global-154] INFO  HelperUtils.Parameters$ - vom(|$M4[pA_
23:47:00.246 [scala-execution-context-global-154] WARN  HelperUtils.Parameters$ - [A0RZ^|&k%)"NF{?9BEL0q41(`oy6cl)VV5_t%I.YB_o
23:47:00.274 [scala-execution-context-global-154] WARN  HelperUtils.Parameters$ - mRjt1G,9bE?P{O%YZ>'f+CP9gce0be0ce1ae3]C3oG$bG}4#~l[U#hm*r_/
23:47:00.286 [scala-execution-context-global-154] DEBUG HelperUtils.Parameters$ - E~;S[:DHO`oh(<
23:47:00.297 [scala-execution-context-global-154] INFO  HelperUtils.Parameters$ - GU6?t@ILa7iAl]SCrae1V9sX6kS8wU9lcf3ag1T9vR5fag3cg1T@771wG-4t21W]/{K
23:47:00.308 [scala-execution-context-global-154] WARN  HelperUtils.Parameters$ - 3PcL/-hlK-n8p2_sX5M*uGi6.W!rqGJVjV|B
23:47:00.320 [scala-execution-context-global-154] INFO  HelperUtils.Parameters$ - BaJ_Xp\:ilQ^R|dNkX0qX19km'!Ox9&*:@ZG7qrC%-5V[R,|L-
23:47:00.350 [scala-execution-context-global-154] WARN  HelperUtils.Parameters$ - '7O@{AQDHP':\$ds,dCzss|l=q
23:47:00.362 [scala-execution-context-global-154] INFO  HelperUtils.Parameters$ - ?eWojP,yq[O*cM[4aoG}WR75m/Hc?6XLjggsvDXa<]"l$#39CcQ*
23:47:00.373 [scala-execution-context-global-154] INFO  HelperUtils.Parameters$ - oy"|+Uyz/6xg9<.<ee4a8{'C6*p-e5BA6UVea66C{vl:_|'*
23:47:00.385 [scala-execution-context-global-154] DEBUG HelperUtils.Parameters$ - `5X]OHDS'ZN7^bw.^9:}{y"'Ios?o_SxQ%hcVS):"sP`K#Em),dA3c2\
23:47:00.419 [scala-execution-context-global-154] WARN  HelperUtils.Parameters$ - =q\[<=bhVrb}W;`}yFP(3,RZ^.tNGH}=}V"d
23:47:00.431 [scala-execution-context-global-154] INFO  HelperUtils.Parameters$ - '>]&V)+tH9zbf2V9kM7uce1H5oX5jD7oB5tk|Z&N{v]cD~
23:47:00.443 [scala-execution-context-global-154] INFO  HelperUtils.Parameters$ - K\qI%@0YN-p%Gd
23:47:00.455 [scala-execution-context-global-154] WARN  HelperUtils.Parameters$ - 2lKW\j.@[x7O@t$^sYB%1#BZ:aWq8j&|
23:47:00.489 [scala-execution-context-global-154] INFO  HelperUtils.Parameters$ - ,Wdbbk4KA>oszf!"Pk&BPn`t:.^W=U~^VaWJ-2
23:47:00.501 [scala-execution-context-global-154] INFO  HelperUtils.Parameters$ - ze&T:K`v3N=T3{4{U^U5fO5^<3xMMhq#s;x$u/}Z>O^<|Z&'4N=e5Z&M`1
23:47:00.513 [scala-execution-context-global-154] INFO  HelperUtils.Parameters$ - gi-K'|8ti=7CO'nYziXH`zj8;K
23:47:00.525 [scala-execution-context-global-154] ERROR HelperUtils.Parameters$ - *<I!3@R=v[?25GiDk!mP1Fd<sT9li-@s*mhe$$U(
23:47:00.556 [scala-execution-context-global-154] WARN  HelperUtils.Parameters$ - @{]D<Mw:zWse0~/s3N1:'4";![Z{1gI4'Li2!BgOho*rn+ztgg4]RL>`Ds
23:47:00.568 [scala-execution-context-global-154] WARN  HelperUtils.Parameters$ - ljvX,;K2t}E1)k5MN.9hP!+;U\!L2&o\#'P9$"fw*YqK6]=zaUh2*@!V
23:47:00.580 [scala-execution-context-global-154] INFO  HelperUtils.Parameters$ - \mJqhCHD8f@W/S)W9v"qBHGX}p9>'#c^PW
23:47:00.591 [scala-execution-context-global-154] WARN  HelperUtils.Parameters$ - :`'8GcW&K|njgJU\jE1wgL/ap"
23:47:00.603 [scala-execution-context-global-154] DEBUG HelperUtils.Parameters$ - &OOF8k3~WH.#
23:47:00.629 [scala-execution-context-global-154] WARN  HelperUtils.Parameters$ - gV{.*G)taGP'nA4v"|W@f0|t#@T4{I8pE7uce0af1G5iaf1be1T6kJ6sC9lbg1\Cp")B#tke0\Spl]U)*0S:RNDgTD}
23:47:00.641 [scala-execution-context-global-154] WARN  HelperUtils.Parameters$ - )Co[}=Jiw~Sd4%$mIY^Up#4N>\
23:47:00.652 [scala-execution-context-global-154] INFO  HelperUtils.Parameters$ - QF:sdv^7,BJs@co$afhuwG8gG5gk@9`g6)
23:47:00.664 [scala-execution-context-global-154] WARN  HelperUtils.Parameters$ - ooiF7|44[$F]R`,|'c7<ARP2HNqH"pb5hktWZ:PnA;ZXXlt`5s
23:47:00.691 [scala-execution-context-global-154] INFO  HelperUtils.Parameters$ - a02MLm'X%r1Fvo&#ZM2~
23:47:00.703 [scala-execution-context-global-154] WARN  HelperUtils.Parameters$ - 4?_<7^d;dWiH8c|@}!"0E.JU6Yg&}g*jV`,%XYO<XxQ}T7z2EC
23:47:00.715 [scala-execution-context-global-154] INFO  HelperUtils.Parameters$ - WT:5;4o8:4.6,Y|X6-ISA~\hZs!+;R%+.)pX"BwUr9Eu$-
23:47:00.726 [scala-execution-context-global-154] INFO  HelperUtils.Parameters$ - y9Z'$]}cn,ZC7lX6tbg2X7rU8rbg0af3S5gM6rCAoETx0xlr1
23:47:00.738 [scala-execution-context-global-154] INFO  Generation.LogMsgSimulator - 0BuSs(DmnBD@`.q?!U-3aNK5kuXIpslb]]Rh
23:47:00.750 [scala-execution-context-global-154] DEBUG HelperUtils.Parameters$ - F-MnM[g)ONzOYv|Sw-uv_R#<L'(#+x{X#;Gnj~Kh,f&n5O
23:47:00.770 [scala-execution-context-global-154] WARN  HelperUtils.Parameters$ - 1<'+rps8;Rj!
23:47:00.798 [scala-execution-context-global-154] INFO  HelperUtils.Parameters$ - !g]bdI%+XT2hSz()l2~3*GEXE=
23:47:00.809 [scala-execution-context-global-154] WARN  HelperUtils.Parameters$ - NDRb3%[d.aWiEliXfUkq$U&)]oH_%40u'Z\)Ew2^-3
23:47:00.822 [scala-execution-context-global-154] INFO  HelperUtils.Parameters$ - )fhL^m?6xKXvam|b9VSroUL~
23:47:00.833 [scala-execution-context-global-154] WARN  HelperUtils.Parameters$ - 1xBQi+vDK3~EA',[]"tt4TJZ"x.OUVJRlqmN;6Q$
23:47:00.859 [scala-execution-context-global-154] INFO  HelperUtils.Parameters$ - J"Tz=h$/*><:C:V0u]9qLG8t;&:l
23:47:00.870 [scala-execution-context-global-154] INFO  HelperUtils.Parameters$ - rE6g9/YshM0fIu^w/W9|J!?|HinYP@P6oM7tQ6oce0C7v+\#:?O'@=>Dk^mQ_;6}t.9Pomjbq$=
23:47:00.882 [scala-execution-context-global-154] INFO  HelperUtils.Parameters$ - Y/:7CAdexr,'F/mwvk|x
23:47:00.894 [scala-execution-context-global-154] WARN  HelperUtils.Parameters$ - >kQ7AN'ch}_p+6R.7E5]?>
23:47:00.919 [scala-execution-context-global-154] WARN  HelperUtils.Parameters$ - L$F|/!Cv`GYFX}Pc#6tYmE5g*E%D76ah;lLdZ>tZ~?
23:47:00.931 [scala-execution-context-global-154] INFO  Generation.LogMsgSimulator - NsPhIBkOH@wKVw~c9TzWnlvOIV|kmd
23:47:00.942 [scala-execution-context-global-154] WARN  HelperUtils.Parameters$ - !?1#(qH2.-G!2%r."G5TJ8QBQ;
23:47:00.954 [scala-execution-context-global-154] WARN  HelperUtils.Parameters$ - Jo<513Na^bg3cf2R7ucf0ag1ag0bf2be0D7fSI8WV%mSH
23:47:00.991 [scala-execution-context-global-154] INFO  HelperUtils.Parameters$ - OWY?XBwk7Y#gezQka#u.
23:47:01.018 [scala-execution-context-global-154] WARN  HelperUtils.Parameters$ - ,IF7MT[O)2eFs?{"oTwRX&,3b6)7YK_pu"]a$[DQ5uJF|lRbvN.=Td
23:47:01.036 [scala-execution-context-global-154] WARN  HelperUtils.Parameters$ - +)g;xl}%:Y#4bTPHck:"wrr'5*TsSB{J{:_[f'@ePK\!9E
23:47:01.048 [scala-execution-context-global-154] WARN  HelperUtils.Parameters$ - r$Pu+1o_c}1'K.%Lql`QSx|WAsIW;JmyZ1
23:47:01.060 [scala-execution-context-global-154] INFO  HelperUtils.Parameters$ - z4X*p(RxB[b,Sy2"
23:47:01.073 [scala-execution-context-global-154] WARN  HelperUtils.Parameters$ - R&\S1Hsc!)B]#\xGQ@R%$?=\HW,z
23:47:01.102 [scala-execution-context-global-154] DEBUG HelperUtils.Parameters$ - eY?:['=P^%+BpQYh7TVuRl6mGzOo%'MOd@&zV>Tz
23:47:01.114 [scala-execution-context-global-154] INFO  HelperUtils.Parameters$ - m2r=x"bg3bg1ag0V5iaf1cg0]y?[bE
23:47:01.127 [scala-execution-context-global-154] INFO  Generation.LogMsgSimulator - IWue]p"(~rB7Jo
23:47:01.138 [scala-execution-context-global-154] INFO  HelperUtils.Parameters$ - (A%m.XS)N7pbf1M7uZ5mcf2cf2cf3J8lH8g2(^Z_OXH
23:47:01.177 [scala-execution-context-global-154] INFO  HelperUtils.Parameters$ - '^AyU.XhKn<dv2HcD:]mK)f3Bvx9I51w
23:47:01.189 [scala-execution-context-global-154] INFO  HelperUtils.Parameters$ - CJ'6P`bs_VIjx6d3.8v>e*WS62d/VWN&V~8b{`R@=98FZNx.&"r'yW-M*DTy
23:47:01.200 [scala-execution-context-global-154] INFO  HelperUtils.Parameters$ - pEY*EWxjV'Ccm,6ff,Mia|!^L^7SpuXfB>X$DcVxyN
23:47:01.213 [scala-execution-context-global-154] INFO  HelperUtils.Parameters$ - n:o5*~^op!LW44c)ySlm[do`|RJpG@^!O_Lk:5eofEb~>Tmr
23:47:01.245 [scala-execution-context-global-154] INFO  HelperUtils.Parameters$ - Dy":wQ^!mE"$juvcf2cg2ce2bf1T6iOk)Xel}'I,_dqii
23:47:01.258 [scala-execution-context-global-154] INFO  HelperUtils.Parameters$ - @Oe}yxvI9ibf2ae2U7wL7rag0%-6k80N
23:47:01.270 [scala-execution-context-global-154] INFO  HelperUtils.Parameters$ - !Y0[.b?B;z;<:J:k3&Nk$bl<6[*nlS6l(@&~I^GbnBVT6:
23:47:01.289 [scala-execution-context-global-154] INFO  HelperUtils.Parameters$ - EAxy>+,N5>%iL,yP(;%aIa5+..
23:47:01.315 [scala-execution-context-global-154] INFO  HelperUtils.Parameters$ - <_5Zm9Z^G"z%
23:47:01.327 [scala-execution-context-global-154] INFO  Generation.LogMsgSimulator - !KO.,h#o\6iW:#&+BOyTN$#K-S>c-w/JW$57\r}|."zysh3#9wI:M-@X
23:47:01.339 [scala-execution-context-global-154] WARN  HelperUtils.Parameters$ - 9WR-.#;Dh6ny&!8`=!oC'A#V77piPaf2H5tU8wbf0E5h&THB+VDH({hB+y(1hPF>aV[Ya=~DA
23:47:01.351 [scala-execution-context-global-154] INFO  HelperUtils.Parameters$ - }i"I<,$Z9im!+~&_r8
23:47:01.377 [scala-execution-context-global-154] DEBUG HelperUtils.Parameters$ - tka9g~B8WnUue;xO\LO>ph_4?PxZS9uP~=qGHd<tvh
23:47:01.388 [scala-execution-context-global-154] ERROR HelperUtils.Parameters$ - .j,S7^?[Y\N(oOk!ibyl-_}9O_i1NyuTrS={?"=C8KIJ4X>7|n:L9\67l5<'
23:47:01.400 [scala-execution-context-global-154] INFO  HelperUtils.Parameters$ - G.l`Jw}cx/#:0}8Wf}.*d^N\5Y+]/g,EwE{`%,0x"D<,
23:47:01.412 [scala-execution-context-global-154] DEBUG HelperUtils.Parameters$ - :27Ah?N>Eip^_(%1M=~oJx^Jv.Qiu=Cg@dXaL7$:0wP,N3N'XasrAT
23:47:01.438 [scala-execution-context-global-154] INFO  HelperUtils.Parameters$ - pGzLs<yV*6#U8nC7kce2be1L6vPTS9j(ga*;b
23:47:01.450 [scala-execution-context-global-154] WARN  HelperUtils.Parameters$ - odH+n+#{EL7?%gM)Cu^0
23:47:01.462 [scala-execution-context-global-154] INFO  HelperUtils.Parameters$ - .P]\^^3WUoJ!T.-kWAZbN)"`6N^x)W2y
23:47:01.479 [scala-execution-context-global-154] INFO  HelperUtils.Parameters$ - vn/mHz0VvnM)BNvrXw=9SI;_R;@QzpL`~"[ZNH{q@(j[*S%&b}*m#&|S
23:47:01.491 [scala-execution-context-global-154] INFO  HelperUtils.Parameters$ - +VX\jHTo'kbl?;i[P`P)\2Z5kA7qL5uaf1bf3cf2+&)g|u<f{]!E"117}@-Nw3
23:47:01.503 [scala-execution-context-global-154] INFO  HelperUtils.Parameters$ - qQuWmHW8V:F}U)W&{@rZ5]RO4~)3"^OuXYdzFzVMYq
23:47:01.515 [scala-execution-context-global-154] INFO  HelperUtils.Parameters$ - /qvTxM_Kdid7K5ksZU7kN6vbg2E6lE7oce1mR3]'l'WCWkZ(<l3]
23:47:01.532 [scala-execution-context-global-154] INFO  HelperUtils.Parameters$ - iU\MYG},wTZqsmUa@ZfnLQu$%(jB=;xD)w[6
23:47:01.544 [scala-execution-context-global-154] WARN  HelperUtils.Parameters$ - Qy+}-=KoQd!k.Gc?O_]}Sktz{}
23:47:01.556 [scala-execution-context-global-154] INFO  HelperUtils.Parameters$ - QdR9|3sJ8O*Qpz(HE[BT'&L(ZW=,q]|o(C4?#A2?]okb?(eVknbwEQv=
23:47:01.570 [scala-execution-context-global-154] INFO  HelperUtils.Parameters$ - Dy82U/(?;t\Nb@/tXz%nl%rYheIGj5~pjBvoH\&bDV
23:47:01.603 [scala-execution-context-global-154] INFO  HelperUtils.Parameters$ - xjb:D'J@>^(gc5^*mRep%sTTq7xTN\5qU5AWm~>{{\a9
23:47:01.616 [scala-execution-context-global-154] WARN  HelperUtils.Parameters$ - NgP?T1@EPE-<SxM^K^<rf0S}NpY*P'U#j|A~\U
23:47:01.628 [scala-execution-context-global-154] WARN  HelperUtils.Parameters$ - E-su*M(Psoy:lfvh47)FmsxG,~
23:47:01.651 [scala-execution-context-global-154] INFO  HelperUtils.Parameters$ - Jk0`L4+<ja.*\N
23:47:01.683 [scala-execution-context-global-154] WARN  HelperUtils.Parameters$ - <1Z4z69~O\dJ]0}IV5xB"&o\
23:47:01.695 [scala-execution-context-global-154] WARN  HelperUtils.Parameters$ - Vm&>#Wks?/0t&NEsXi7bo8`!4Y[#d/d+]}%%GoplBJW^@C]=
23:47:01.708 [scala-execution-context-global-154] INFO  HelperUtils.Parameters$ - Q}=(1*Tj}rbbtHIp?qTipFsp};}Xx,yWI@9.:_
23:47:01.731 [scala-execution-context-global-154] INFO  HelperUtils.Parameters$ - T!;Z[2+S@B"h
23:47:01.770 [scala-execution-context-global-154] WARN  HelperUtils.Parameters$ - ;2w-EbHiJulZ#mD)
23:47:01.783 [scala-execution-context-global-154] INFO  HelperUtils.Parameters$ - #jTn6(06\:&=\v1'[,{~)M*F(CQm#kXn&3s9F}`>_L?I3s
23:47:01.807 [scala-execution-context-global-154] WARN  HelperUtils.Parameters$ - e^~tqI]D26;};3AgbcwSCO[Y,gETrMf(%_ir<hpc`NYN/Q_>u02H#b70(V@o
23:47:01.841 [scala-execution-context-global-154] INFO  HelperUtils.Parameters$ - x5^w68~Ec7|&#EmHx7
23:47:01.852 [scala-execution-context-global-154] WARN  HelperUtils.Parameters$ - pZvtE6K?o\:%$5YW@Y'U,"hd~r6"P&Q*=Zz0{$y\Rm$SIq
23:47:01.864 [scala-execution-context-global-154] WARN  HelperUtils.Parameters$ - k.@pks}=QpY%i2'tVQ%tOdSE##rh<|=G4C#]XhIkbhbiKb+i#PuR^{pa*/0d
23:47:01.886 [scala-execution-context-global-154] WARN  HelperUtils.Parameters$ - jF1@[!tV94dl{<:rF$TY1[gPmc}\bg0ce0L9vI9naf3zE<iX=&sa79E]|(KH<z-}hhYuA-W
23:47:01.919 [scala-execution-context-global-154] INFO  HelperUtils.Parameters$ - 0zY;a`|)U#=g!-X`Sget"l/P/J2Nw*W7d`,a{/#*_NA\j"/%.B:@@HRsel
23:47:01.932 [scala-execution-context-global-154] WARN  HelperUtils.Parameters$ - H-$Ln+6k=#(HJPOuj:.@$,uD10
23:47:01.944 [scala-execution-context-global-154] INFO  HelperUtils.Parameters$ - `?j>e2X~k/!v/;3S&eF3}6LZx?@l
23:47:01.965 [scala-execution-context-global-154] WARN  HelperUtils.Parameters$ - Q<y$iS.P\vpfBVe!kV5P&pm%zj:Um|10&Y/I;GA2p\]n4lQ_}dx:R>o%My^I
23:47:01.990 [scala-execution-context-global-154] WARN  HelperUtils.Parameters$ - K0p')bClQ5*lQ&&uOH;&d+`I=zXXdGiJ
23:47:02.002 [scala-execution-context-global-154] WARN  HelperUtils.Parameters$ - G!Kw+~'&Saf3bg2cg1S8nZ9mV6pH5p5tov=J/M4
23:47:02.014 [scala-execution-context-global-154] INFO  HelperUtils.Parameters$ - 9#W-}(+xR\VFf[
23:47:02.026 [scala-execution-context-global-154] INFO  HelperUtils.Parameters$ - u"m`gctB6gbe2ce1be0W6wApX]}G?
23:47:02.038 [scala-execution-context-global-154] INFO  HelperUtils.Parameters$ - LE1`T5"A~Fxof6>DkZ{"ce3J9rL9uag1bg1cf3-9GuP?lW4Qc!Jf1R.Y8t
23:47:02.049 [scala-execution-context-global-154] INFO  HelperUtils.Parameters$ - uHsY\hD7nE9rT7icf2af1M7kRKT*zL
23:47:02.069 [scala-execution-context-global-154] WARN  HelperUtils.Parameters$ - ?@/AfZzHi^oJvG/y1-&puEBCn!0\m[Kq1tpbH0
23:47:02.102 [scala-execution-context-global-154] WARN  HelperUtils.Parameters$ - GEIdjd8rKLCYNr8x)Grbf3V8mE6kaf0Y5qy-<<*S7iznADLx6/Oow
23:47:02.114 [scala-execution-context-global-154] INFO  HelperUtils.Parameters$ - _E&>Z]83'Vbg3J6sbe0B6hI5pS{(>%c-$"z
23:47:02.126 [scala-execution-context-global-154] WARN  HelperUtils.Parameters$ - 2]d!EJ}CKWM6Q/
23:47:02.138 [scala-execution-context-global-154] INFO  HelperUtils.Parameters$ - PXRdnYU(;>(OK4?-r3fBVt`NW9=mBDKxc5gO>qGCE`VHeOy+
23:47:02.149 [scala-execution-context-global-154] INFO  HelperUtils.Parameters$ - )Z9ntv8P2zF\N;@~t)'ewiIl,j
23:47:02.160 [scala-execution-context-global-154] ERROR HelperUtils.Parameters$ - FFwJ}(&EAUvRLg2y"v|ovY'pxO6lag2K5oN7uI8iaf1bg3P0~D/ym@R+ytd~<>1'wM2yAV#
23:47:02.180 [scala-execution-context-global-154] WARN  HelperUtils.Parameters$ - \|NRl7Y'[*j!_.ETe>Noi\!aE_>)
23:47:02.215 [scala-execution-context-global-154] INFO  HelperUtils.Parameters$ - Uf^^h]q$_V!ucu+9lW2N?{[A1s$~4ygF7%Qo{U.Yof6)d-}Dym
23:47:02.227 [scala-execution-context-global-154] INFO  HelperUtils.Parameters$ - dl{Qe?&kd|upU/k:ik
23:47:02.238 [scala-execution-context-global-154] WARN  HelperUtils.Parameters$ - 5."L{'cG8GV=+Q[Paf2cg2R5mO6rcf2)gD&OIQ5GK1TvgvB
23:47:02.250 [scala-execution-context-global-154] WARN  HelperUtils.Parameters$ - `aeYdnWJQ]CT?tx&k@)`(LIx{s.#5+8p5j;>F[ju3E
23:47:02.261 [scala-execution-context-global-154] WARN  HelperUtils.Parameters$ - pEsqjaEP3MOe@|TyZ*z8|FQ]f"}J
23:47:02.273 [scala-execution-context-global-154] INFO  HelperUtils.Parameters$ - }3r[+_*GQ+"REa-&CD'2C7rae0bg0L8qbg3ce1X6nse0P{hkc%\v)=y~`C(<Z
23:47:02.285 [scala-execution-context-global-154] WARN  HelperUtils.Parameters$ - _0y6&grTodM+Dj6ncl<%}I.ola#|zPB!6|IL]Oxu~ms-!*~Mt`T|
23:47:02.304 [scala-execution-context-global-154] WARN  HelperUtils.Parameters$ - SBb#hy!Sd%sgVp+<Rv!F\<gG/$q$d@
23:47:02.330 [scala-execution-context-global-154] ERROR HelperUtils.Parameters$ - -dh!NJwD~c7@SSTNq|^oP/}20P7qP6kH5sbg0ce3Y5tcg2Q9nag1FUvO5qwz-]<d?!d%M|(]8m)48
23:47:02.342 [scala-execution-context-global-154] INFO  HelperUtils.Parameters$ - h~^w$Ax?X=c3`|M+AbxR$<eEU*gh1jhL|t(3O$V8[&U;.]g|$&u6'l
23:47:02.354 [scala-execution-context-global-154] INFO  HelperUtils.Parameters$ - i(E|M(-x0:^?kA=-l\?D(xyG5Qpy2"xG^+`0}yh):gF2KO7E
23:47:02.365 [scala-execution-context-global-154] INFO  HelperUtils.Parameters$ - nxsw)@9+-J;;fA}+6LnKz]R(Oh@Z!S_PWvi>te
23:47:02.377 [scala-execution-context-global-154] INFO  HelperUtils.Parameters$ - q5{~W<qYxhTjne_MU!*%e.?A=c*Hk2ER]\tVhksUp5qjf&$&&7"?tL
23:47:02.388 [scala-execution-context-global-154] WARN  HelperUtils.Parameters$ - j(te`9H@j6EZ{2&n)O(dxt
23:47:02.401 [scala-execution-context-global-154] WARN  HelperUtils.Parameters$ - WQr$L`O)b!VcZ<zkG}84W,PjnOxH>B<Z#SE/{.o!N8nv
23:47:02.419 [scala-execution-context-global-154] WARN  HelperUtils.Parameters$ - PCr3<}-TK&k_v+rA1nMN5hbf1E6tD6nG5lK~4k$6Vviar0B^xw1iu
23:47:02.447 [scala-execution-context-global-154] INFO  HelperUtils.Parameters$ - X^>&O}RHmQL<fLL]
23:47:02.458 [scala-execution-context-global-154] INFO  HelperUtils.Parameters$ - YSse~OKmsm9joX22WCWl83L+eA8#{5c`aB;;Vn
23:47:02.470 [scala-execution-context-global-154] DEBUG HelperUtils.Parameters$ - &lC?v1j>PEYZ
23:47:02.481 [scala-execution-context-global-154] INFO  HelperUtils.Parameters$ - GYUL>,H593uRZ^XakC\(\j
23:47:02.492 [scala-execution-context-global-154] INFO  HelperUtils.Parameters$ - -{,:{X04}W{=jL]D=-;>9`J~wlssuMb!xl0`7:wza:&oC~;?gs~[I99'/D
23:47:02.504 [scala-execution-context-global-154] INFO  HelperUtils.Parameters$ - V7L1`XtrbgHuN7_2g<\|\=
23:47:02.515 [scala-execution-context-global-154] INFO  HelperUtils.Parameters$ - b$I1sR(NKTt},1y!^DeIj5kR"Uf~(Dd9P55Zo4f$#d[=a$?Y6yxB
23:47:02.535 [scala-execution-context-global-154] INFO  HelperUtils.Parameters$ - IEK"(SPG7lC9yU9NC:;Zu%[R$n
23:47:02.561 [scala-execution-context-global-154] WARN  HelperUtils.Parameters$ - #ST@T->LY`lq3v#8C_bD8&qf/F/!^<<q`MQ%
23:47:02.572 [scala-execution-context-global-154] INFO  HelperUtils.Parameters$ - -7\:%^Z3;.eEHQv'tHVMF3$vliXQI1ZADO
23:47:02.584 [scala-execution-context-global-154] WARN  HelperUtils.Parameters$ - p5z~`]2j7Ik4#1I3;XMz#BeAI@
23:47:02.596 [scala-execution-context-global-154] INFO  HelperUtils.Parameters$ - }=|EZy%*(6ALRJ7fM6rcf2cg2be1A5oag2ce3P8kag2ag0af2>JO8)up=]Tym}
23:47:02.633 [scala-execution-context-global-154] INFO  HelperUtils.Parameters$ - COV6X(5>^ged]'-uanU"N6z)NwW2iuZ>t+`6`H
23:47:02.645 [scala-execution-context-global-154] WARN  HelperUtils.Parameters$ - <C5;'T7tp"\9Gat%*GD9t>0S='%79BtqK#hL!WC&DYY%|v
23:47:02.656 [scala-execution-context-global-154] WARN  HelperUtils.Parameters$ - ZfmLeeO@t)>5s@$nJLJSSgiv0T
23:47:02.668 [scala-execution-context-global-154] WARN  HelperUtils.Parameters$ - wq*0r~n(\>VW
23:47:02.680 [scala-execution-context-global-154] WARN  HelperUtils.Parameters$ - ^9x6)SIn%P\3V0>cf3S5wL8hQ8uR6r)^U-U"9X7<b}/H6
23:47:02.691 [scala-execution-context-global-154] WARN  HelperUtils.Parameters$ - l1yj%_'f/H3^wY0ag1O9rY7hW6fag1MdOadKIt(rkE][p
23:47:02.703 [scala-execution-context-global-154] WARN  HelperUtils.Parameters$ - x)PA*]`x:+Km)u{W5GH(e`|U1:^F\urJcjMva*U<l-d7:l
23:47:02.714 [scala-execution-context-global-154] INFO  HelperUtils.Parameters$ - q_jM^qEj,B}*&JL\Gi.sV9ktOWcg0Y8vbf3bg2J6uce3cg2ce1uDqy]XVc~S,svaivqx'1JW)$>\
23:47:02.730 [scala-execution-context-global-154] WARN  HelperUtils.Parameters$ - Kcy_.H]U'4wiId~lSq`xaF#C,dC7Y.j~ewD9o\[x?E%?t06YXf$O
23:47:02.764 [scala-execution-context-global-154] INFO  HelperUtils.Parameters$ - ,|M&t1`N0g<BXfnAF5'+fROg?fq5)sx_qC:>nl0"2f2ECGtbxltI_3
23:47:02.776 [scala-execution-context-global-154] INFO  HelperUtils.Parameters$ - ]zO]c%sK|s~27-%^$*fq8(?NBY7*CQ.KL:h1/_(G[GO"eYPfzY
23:47:02.788 [scala-execution-context-global-154] WARN  HelperUtils.Parameters$ - "Ep6vxU^)0Kc4Ry-nZ@M'B>8Ls6@j_oYxIHphl=>KUj;
23:47:02.800 [scala-execution-context-global-154] WARN  HelperUtils.Parameters$ - qLHU^x:-Uxr}0Y\#Wh*oR"Oc:;xLWXaOX(:by7(OZ^I'
23:47:02.842 [scala-execution-context-global-154] INFO  Generation.LogMsgSimulator - "oV<}`Q^Ps("!k8J?>
23:47:02.853 [scala-execution-context-global-154] INFO  Generation.LogMsgSimulator - $%jCjW0{BA[r"m}P<,UwJ>^`_|&!<"vAAd(o"`V9]F8<
23:47:02.865 [scala-execution-context-global-154] WARN  HelperUtils.Parameters$ - :*{l-QC4-B*:E>IdEF*&bzFLI+'64!{_S:l]_Eo2lmCU\y2E
23:47:02.878 [scala-execution-context-global-154] WARN  HelperUtils.Parameters$ - qr~\43kV2x$LvtXI~7_28aP_V1b8GKJO(F
23:47:02.919 [scala-execution-context-global-154] WARN  HelperUtils.Parameters$ - s=-QCc&h-lJ`
23:47:02.932 [scala-execution-context-global-154] WARN  HelperUtils.Parameters$ - U;w;3|<_N._Pi$+Z,f&LWAs*~8uzO=>FZdP_V7E/fwti
23:47:02.944 [scala-execution-context-global-154] INFO  HelperUtils.Parameters$ - 49*V],L]4-aYlNWv0p*U
23:47:02.962 [scala-execution-context-global-154] WARN  HelperUtils.Parameters$ - W?8\ACjJzGd'Et{,YOm'f3:=-=-]=hR"IXhsiOg(BE*S,B"^,;
23:47:02.989 [scala-execution-context-global-154] DEBUG HelperUtils.Parameters$ - Zn@r0!+6DEobn6tlm9R<gRJT&'$%yn5QKe3d}Bbm`\AZmh(_\qg![m#\
23:47:03.000 [scala-execution-context-global-154] INFO  HelperUtils.Parameters$ - ^.)0l<|2+='B4&[0VX[6s85d4yc'nX$H^T.B`AE4%;OzL{!g
23:47:03.012 [scala-execution-context-global-154] WARN  HelperUtils.Parameters$ - uNn&=Z7Q0Gpks}x`frM0`f)LZ-Y}:'f>
23:47:03.026 [scala-execution-context-global-154] INFO  HelperUtils.Parameters$ - ]Z_r7Y58Rce0cg1ce3cf1bg2ag3I7g_ew0o8<kg
23:47:03.061 [scala-execution-context-global-154] DEBUG HelperUtils.Parameters$ - =RQj65"S|=~l9TLdabK+
23:47:03.072 [scala-execution-context-global-154] WARN  HelperUtils.Parameters$ - A\"3&b>89RtZ~-,LFA\Vp\589<
23:47:03.084 [scala-execution-context-global-154] WARN  HelperUtils.Parameters$ - ;mA_YX_+c\SZ<Ujz\i?n+&l`X9
23:47:03.105 [scala-execution-context-global-154] INFO  Generation.LogMsgSimulator - FU&iY+x{*'&B44tM
23:47:03.136 [scala-execution-context-global-154] INFO  HelperUtils.Parameters$ - 2K?(I0<*RNhjDGO4"}T5{g>v8`PaV9~`1~D<|L7D+#AUn6J-p8gO[ZVQ
23:47:03.148 [scala-execution-context-global-154] INFO  HelperUtils.Parameters$ - q*tgr2Mib+F<"09;;&Tqp3+WvQ0^!`lq0<7)TnZ/2QIIwTq!n4EY
23:47:03.160 [scala-execution-context-global-154] WARN  HelperUtils.Parameters$ - fC2D]spP;/t,Y/9rpSyDF&Jq);.?=_@0zF
23:47:03.180 [scala-execution-context-global-154] INFO  HelperUtils.Parameters$ - !]hGb6^9a[M#-=HD.9^BLVeIw5;Qjl@6us%mtiw75VHSL@.v~B<1@x
23:47:03.210 [scala-execution-context-global-154] WARN  HelperUtils.Parameters$ - Z@ROVtBT!<qv8mEY?V+]"Rhg,./%^6hLrwXT
23:47:03.222 [scala-execution-context-global-154] INFO  HelperUtils.Parameters$ - |V?)Rd'cx;\1,ct1F[CP.7Sa|45G7mae3U7lS9iae3G/Ct'KDqeU\b_'Cn0iVfMI/K,*z
23:47:03.234 [scala-execution-context-global-154] WARN  HelperUtils.Parameters$ - l=uW2jU,PrC|&fg(ka3s6A^s;w\y4{qNf!"@jH3]JRvNDX
23:47:03.250 [scala-execution-context-global-154] WARN  HelperUtils.Parameters$ - SN=m:?L\r:GY<rEp`=S6G=)CkU^$jW:t[0?5#0D%Qwh{V"urIy*k()H!
23:47:03.262 [scala-execution-context-global-154] WARN  HelperUtils.Parameters$ - f28-t(:/ctu#
23:47:03.273 [scala-execution-context-global-154] INFO  Generation.LogMsgSimulator - .=VI_yAce1ae2bf0M8ibf3h\1&>pJ
23:47:03.288 [scala-execution-context-global-154] WARN  HelperUtils.Parameters$ - N[,o8.025qp>L?3),A,Li:["
23:47:03.325 [scala-execution-context-global-154] INFO  HelperUtils.Parameters$ - Jhq~w1+*~kyC?<GOSE1yJ&Y{uaMrg',Pg0\wj[Lf$h2#s>Q%15u#
23:47:03.336 [scala-execution-context-global-154] INFO  HelperUtils.Parameters$ - LfED29|lL42I+N=Q.oVbg1J9vZ7jbe3K9gae1R7sJ?V55BG?S~~O$58?6Bg
23:47:03.349 [scala-execution-context-global-154] INFO  HelperUtils.Parameters$ - /L`Zd8w(M4qc&h!*
23:47:03.361 [scala-execution-context-global-154] WARN  HelperUtils.Parameters$ - Txg%Ymg+%OR4X`d4J)L0j'#0DV<QQ[YuZe^h>vQ17F9Sk/Atk]~^w9
23:47:03.379 [scala-execution-context-global-154] WARN  HelperUtils.Parameters$ - J$}$xKQNV/sE+a\1
23:47:03.390 [scala-execution-context-global-154] WARN  HelperUtils.Parameters$ - sS-*8ULy!FH|%ceHV@N_ag0af0G8lX7rbe3M6p%k#'#H<b3S|j-JPm[9Gq
23:47:03.402 [scala-execution-context-global-154] WARN  HelperUtils.Parameters$ - U*Gc9Z|wD(iBo7I6IV'NOBCH}C%nx2n9#3P#
23:47:03.413 [scala-execution-context-global-154] WARN  HelperUtils.Parameters$ - 5!5z3<kYi;g\7UfaePJ%S^9L
23:47:03.425 [scala-execution-context-global-154] INFO  HelperUtils.Parameters$ - ds:c/ZV9xZU_"f-2
23:47:03.437 [scala-execution-context-global-154] INFO  HelperUtils.Parameters$ - .Z`[sZY6]g0WcSqNoUBs]$DZ,G*I.Wzn/=t~53,mW{+S9"
23:47:03.449 [scala-execution-context-global-154] INFO  HelperUtils.Parameters$ - xm}V6z`a_!dJ[+89R%otTLB!b>
23:47:03.464 [scala-execution-context-global-154] INFO  HelperUtils.Parameters$ - VIGXz3tw3WrIkZ${"C9yGl7v*ia*"<xTeoEK,mHt-6
23:47:03.493 [scala-execution-context-global-154] DEBUG HelperUtils.Parameters$ - 9V,>\<_!Gg;pTPb}.R:Z-]9xktKUp>93/bA0hTe}e1w7m_
23:47:03.504 [scala-execution-context-global-154] WARN  HelperUtils.Parameters$ - ]7$_WN=ZM+0vZ7@-k\1.bg3be2J6sA6scg3af1"xmC?|M|}j@a->}CTSje
23:47:03.515 [scala-execution-context-global-154] INFO  HelperUtils.Parameters$ - JUvchLD_=bS.5X]l]NN{krO=*B;joe
23:47:03.527 [scala-execution-context-global-154] INFO  HelperUtils.Parameters$ - aO's{ElW-zp?a`1Tgbf0C5uV6vcg1ce1b.YltX(fA^K);^>+n
23:47:03.559 [scala-execution-context-global-154] WARN  HelperUtils.Parameters$ - 7+8/-K)My~94y}$9kP\+I*}3?t:C3ALM3u*a%|T=Df?7<R/7Kvde}"{W
23:47:03.573 [scala-execution-context-global-154] INFO  HelperUtils.Parameters$ - z'y3XzhYiN~eiaW`n.bK[*#2~N7eDb'}}X6Q$pA7[M#6O=
23:47:03.585 [scala-execution-context-global-154] INFO  HelperUtils.Parameters$ - !XY*u,wxJ=re)DJbg0bf2af1C6hbe2N7pbf2S8fV7pW7gT9qPl6MJ#/&'J+?KPb
23:47:03.604 [scala-execution-context-global-154] INFO  HelperUtils.Parameters$ - /qD%|Kv=_I9IrNWs-4%ABS%vYvs`DjHNpK!t=^/z"`xPJ7
23:47:03.638 [scala-execution-context-global-154] INFO  HelperUtils.Parameters$ - &VDsY_!A1XG6-{#5}l6"
23:47:03.649 [scala-execution-context-global-154] INFO  HelperUtils.Parameters$ - l2owS*qWOJZwdf|a+jsIM?OP5`s!Z7hL5uU5mbe1G8jbf0K6j0&F'gk'Q'5Yv*N2jd&-.f:Fzxx=g
23:47:03.661 [scala-execution-context-global-154] INFO  HelperUtils.Parameters$ - y,5^_&7+eh\/}wiSEjJni0_P-f_;n6^YKJ<'OaIL_5VSA'9fTCW9fN/,
23:47:03.673 [scala-execution-context-global-154] INFO  HelperUtils.Parameters$ - Z%lvZdEb^ur\Ki#ce3ce1ag3U9jP9ucf3k&&,>'0j%B{[boQ
23:47:03.713 [scala-execution-context-global-154] WARN  HelperUtils.Parameters$ - dn=BTEZLlt,<"qRB
23:47:03.724 [scala-execution-context-global-154] WARN  HelperUtils.Parameters$ - rZQj1kw3&9hY}O
23:47:03.735 [scala-execution-context-global-154] INFO  Generation.LogMsgSimulator - 3?Kxp`q-)m._y}re!og=8CG9a?R9rV7jaf1bf3U6fCcBtrF7+[j~|!"Y:rrM']iY]DC
23:47:03.747 [scala-execution-context-global-154] INFO  HelperUtils.Parameters$ - 1q0<n4fXo`+@4!!7-9PT
23:47:03.763 [scala-execution-context-global-154] INFO  HelperUtils.Parameters$ - h+}?1Lf7KQb(hK,d}m,\=J?0)3bg3S5tY7wG6wce3be3bf1bf1G6fL8nL=bV^&|Lu*9PodC?^aOoOk/|*v
23:47:03.774 [scala-execution-context-global-154] WARN  HelperUtils.Parameters$ - %iUMxPPtra|bhiR8gcf2ae3af1G7hC5tJy,Qm5%2&x=x#S
23:47:03.786 [scala-execution-context-global-154] WARN  HelperUtils.Parameters$ - j1VX++"j{f%o"%1ejb:h:M%}
23:47:03.798 [scala-execution-context-global-154] WARN  HelperUtils.Parameters$ - 15;JfsRRcg1bg2bf1cg2be2awsT39I'
23:47:03.809 [scala-execution-context-global-154] WARN  HelperUtils.Parameters$ - z{$SLLxvO2oP'P$ZRpqQZE1S]EE3U(>mqjINx_-(5b&HymV6Pq=v-E
23:47:03.821 [scala-execution-context-global-154] WARN  HelperUtils.Parameters$ - SBSX__Wj51]MN<z8&X@]*|CCSti'OT|6Z!^=\r>TN7tlJ?
23:47:03.833 [scala-execution-context-global-154] WARN  HelperUtils.Parameters$ - oY#}_?48^9C)x(kV^RKJo]N/3vg^J7m>:T39#Nn#Y5h+
23:47:03.851 [scala-execution-context-global-154] INFO  HelperUtils.Parameters$ - Jb3#D.%b<``t.sgLIM.OLj,y($Q1~RVR`,^{
23:47:03.876 [scala-execution-context-global-154] INFO  HelperUtils.Parameters$ - 3RY;H#3z:wr^$cBt$Ws8}r
23:47:03.889 [scala-execution-context-global-154] WARN  HelperUtils.Parameters$ - :>I28DaZSqhT|lpG)8D?y&W.Xn!#f<b,c:1]
23:47:03.901 [scala-execution-context-global-154] WARN  HelperUtils.Parameters$ - omZ_XCg5(gasx{9.|jB1SiMhLk.*r0O^Zdbv1/k;^0v,)F#]5{
23:47:03.913 [scala-execution-context-global-154] WARN  HelperUtils.Parameters$ - .-5NL>{te%5LH``B2ZhaqR?^g_~ukLrPG["Fw!
23:47:03.925 [scala-execution-context-global-154] INFO  HelperUtils.Parameters$ - Y8e;Hr4;dN>9YktR'QJ@MvDlZ7jH8wR6fR9pbe1af2cg0W8tT5uU5v<wW5}0A9uwV[8`q6>QWjSmmm
23:47:03.937 [scala-execution-context-global-154] WARN  HelperUtils.Parameters$ - +)IdheeE2_NJY*q`'RN5sbe1ae3cg2Q5sH7pcf2ce0(`D7r8C`PLRme_PO*i
23:47:03.948 [scala-execution-context-global-154] WARN  HelperUtils.Parameters$ - p}0xrI})-F8f)<Mf.(1c,H&d!R@b]m$3WZZHoV*;/WMYs!+J
23:47:03.964 [scala-execution-context-global-154] WARN  HelperUtils.Parameters$ - +Fx4;(<VK$7!!jzHqD.W?mRRFT]fMozM`#-/5-&~
23:47:03.991 [scala-execution-context-global-154] ERROR HelperUtils.Parameters$ - n1]F:6E=Tdei.~G!+-Q6ZcTPgd8X(_hq}qyu
23:47:04.004 [scala-execution-context-global-154] INFO  HelperUtils.Parameters$ - $c]~v\fdf0eRuzxFtvU3w9<|s(k(EXI_V+u`
23:47:04.016 [scala-execution-context-global-154] DEBUG HelperUtils.Parameters$ - }0ipc1/U<N7mS8pcf3I5tae1L5qcf0ORDJ',7(?
23:47:04.034 [scala-execution-context-global-154] WARN  HelperUtils.Parameters$ - M!*"TzQ=[r!rS'tJ~)
23:47:04.045 [scala-execution-context-global-154] WARN  HelperUtils.Parameters$ - |N48R!Fye#/hfc|2hy\i\:M>)?;&avk%_oh+=6m]Ze8HxC&MNv
23:47:04.057 [scala-execution-context-global-154] INFO  HelperUtils.Parameters$ - 1H?@._?Em<Dm9>IT*Ib8;Z_u|fH9sR7oF5sbf0L5u>#X$lZfTP~=R2H#g[((zTR2{RP
23:47:04.070 [scala-execution-context-global-154] INFO  HelperUtils.Parameters$ - l$\:L:nt](Mb6q]A6VMbg2Q6hH5vae3V5sae1cg2be0ag1}egpQ{':k-SwqK8/)Zm
23:47:04.098 [scala-execution-context-global-154] INFO  HelperUtils.Parameters$ - j1C`o}4qG9BD=_wc&Xy}^F!%W;t![]<fgX$)-b{aT_TTwyqGQ]
23:47:04.110 [scala-execution-context-global-154] INFO  HelperUtils.Parameters$ - <'tE~@t_=\gg)oVNX?8l'FJ5qO7lbg3be2cf2be0W5sB8vb\PqD<B*|#S%_Gfv&\*<+0
23:47:04.121 [scala-execution-context-global-154] INFO  HelperUtils.Parameters$ - kvmb+^#Q{{`P<JA$N-B)G$obe0<F5tpLg9B,gH=-'\Em3_`&Ig`aHECZCtb0
23:47:04.134 [scala-execution-context-global-154] INFO  HelperUtils.Parameters$ - 6^{sqo'!*Pq/gJUN;ga-~B?>:Z}C*7Gbu@
23:47:04.160 [scala-execution-context-global-154] WARN  HelperUtils.Parameters$ - vG"W<qCK:QE^*0W8eOeLI:
23:47:04.172 [scala-execution-context-global-154] INFO  HelperUtils.Parameters$ - :FDC:K@ZE<t<Z!\[A2jC1Q[Rk3.zq2r><n_Fij+@YS=q8RRHoZi|HmjzC/mk
23:47:04.183 [scala-execution-context-global-154] INFO  HelperUtils.Parameters$ - x8.vhIsoH$YZVp|~5AnT>d
23:47:04.196 [scala-execution-context-global-154] INFO  HelperUtils.Parameters$ - Uk?jj&J5iaf1ce3ce2C7gbf2af3bf1hfb+"x
23:47:04.224 [scala-execution-context-global-154] ERROR HelperUtils.Parameters$ - _tE8O!hN}2'zA9bxK#$P}RuR!'cTN\
23:47:04.235 [scala-execution-context-global-154] DEBUG HelperUtils.Parameters$ - Ok|2Y8~PRC4c+hhJM?:S94FiIyIO"^'(zCs2ep*G^FBVj"]QawPu*Yzv&v;0
23:47:04.246 [scala-execution-context-global-154] WARN  HelperUtils.Parameters$ - <xz.{(Z*9iwx6F2<E'#Vailvr3dw{~
23:47:04.259 [scala-execution-context-global-154] WARN  HelperUtils.Parameters$ - k}rSm9[_9rV)Hni!
23:47:04.286 [scala-execution-context-global-154] INFO  HelperUtils.Parameters$ - Al0$5!1<8pD^Za2g8HwR+[,/6[++J9mbe0bf2N7qY8m)3Q~O/e>`&{#e;LDZA>/]g?HSrH#
23:47:04.297 [scala-execution-context-global-154] WARN  HelperUtils.Parameters$ - <+`cmNfUY$J]icr}^rQ@_jwPx@_8fDW@s!#^(5)W
23:47:04.309 [scala-execution-context-global-154] INFO  HelperUtils.Parameters$ - I|[H{o,*q|qz~0wV9},3=Nbn`hj'O3~Tu~CJ
23:47:04.322 [scala-execution-context-global-154] INFO  HelperUtils.Parameters$ - 7{n*ojJP6AZd!+.6*W[cf3Q7sN8gP5jN5oC5hb0<8WSnYd`M$lD.e[o&
23:47:04.350 [scala-execution-context-global-154] INFO  HelperUtils.Parameters$ - DAJ$c%z9;aE<W30}xsYBf.\vR;{M/d":lKfLjmJcjg]horxBo71POps"AS
23:47:04.363 [scala-execution-context-global-154] INFO  HelperUtils.Parameters$ - 7KDEFJqBF&A1JwS'!i+I
23:47:04.375 [scala-execution-context-global-154] WARN  HelperUtils.Parameters$ - ?v,[.@r)jce1ag2ae1bf0E9k!'XTk,(vB
23:47:04.386 [scala-execution-context-global-154] INFO  HelperUtils.Parameters$ - A~y@f>BJJ7tV"bR'GA%'cf0bf1C6jI6hP8iK5jG8kbf2i|3<-9Fy$VE<=_.W?#r?
23:47:04.414 [scala-execution-context-global-154] WARN  HelperUtils.Parameters$ - oe87cf78Iqm_ZXD.fG
23:47:04.426 [scala-execution-context-global-154] INFO  HelperUtils.Parameters$ - [Q1?n%BOq-^)w%|sLs.Y*.kwM`#Rabcbd7Ny+p~m/%
23:47:04.437 [scala-execution-context-global-154] INFO  HelperUtils.Parameters$ - 9B_a$,~)$qaMICs)_[xWr;tbsc
23:47:04.449 [scala-execution-context-global-154] INFO  Generation.LogMsgSimulator - Q\O,VQ`5@rWV_H>>%CS/;r,1?5&bg2cg0E7vM9wae1WkZf(F47:?L?&FWlX[e@AVJ87R]
23:47:04.461 [scala-execution-context-global-154] WARN  HelperUtils.Parameters$ - @&:`/_]/ory94`O8;(2"[SQ{3ze)'|
23:47:04.473 [scala-execution-context-global-154] INFO  HelperUtils.Parameters$ - '|Tj0r0FK1:cHaUN5lQ8nY5lae2bg0af3I9tL7tce0af1]g"IQWcFB0vcn`h
23:47:04.484 [scala-execution-context-global-154] WARN  HelperUtils.Parameters$ - xs{=m+JK^J0*X[CM22Qaa1xv=faADAdB1:;;qRF'
23:47:04.506 [scala-execution-context-global-154] WARN  HelperUtils.Parameters$ - 1s#4492>x152M;|G+dpA\b
23:47:04.536 [scala-execution-context-global-154] INFO  HelperUtils.Parameters$ - {gy'eaFOWN[Nd+m<t;@`./zdUwepz~@+MuhS~lp5>.=f+r$;
23:47:04.548 [scala-execution-context-global-154] DEBUG HelperUtils.Parameters$ - WwzPKFj{WL/@
23:47:04.560 [scala-execution-context-global-154] WARN  HelperUtils.Parameters$ - OdyNRD1L"[WH]fWfbnkK'o$T7vJ8nZ9pY9lO8tce2ag30wX2z/P0:i{*$9-Hv7x>AQu
23:47:04.572 [scala-execution-context-global-154] INFO  HelperUtils.Parameters$ - mKqz~FC"lV=bf2bf0af1ag1af1@AN"FfZ">p:
23:47:04.600 [scala-execution-context-global-154] INFO  HelperUtils.Parameters$ - L&2zE%t}OBmb~f'bDmwGv$+EBy4VM>}R
23:47:04.613 [scala-execution-context-global-154] INFO  HelperUtils.Parameters$ - y#]N'CC9Kv1=R@X{;RTPP'z<.L'x
23:47:04.625 [scala-execution-context-global-154] WARN  HelperUtils.Parameters$ - (}~wtLlO:_re7{h<:nk(|IIC.Jxd:5@=Um5'BkJ5q;*P~,9@Tz0)Z5
23:47:04.637 [scala-execution-context-global-154] INFO  HelperUtils.Parameters$ - L0}+kL$ZH98TP|
23:47:04.666 [scala-execution-context-global-154] WARN  HelperUtils.Parameters$ - (UqBet[o74jKeY_E'],ae0R6hcg1H7jcf1B9u?Bj70]^uc:N(1l(YjEG
23:47:04.679 [scala-execution-context-global-154] WARN  HelperUtils.Parameters$ - [Lb?hfoUT=L{rb-H)\Lge]p7z24!"/&]c~Y5?ds&X$6bLfq?
23:47:04.691 [scala-execution-context-global-154] WARN  HelperUtils.Parameters$ - gsdTw@RZjYJW4i#@X%5>T{`Tcg3C6nN7raf0P8w(g9<?ZPdW~R_}o^<<~tm`FZo
23:47:04.710 [scala-execution-context-global-154] INFO  HelperUtils.Parameters$ - [G.EskTs1kcBA.Dy!SQwiy
23:47:04.742 [scala-execution-context-global-154] WARN  HelperUtils.Parameters$ - Oh"9pw+:kQ!z%qI_x~D_P1uce2H6ibe1G7qC9lcf3N6sT9qN9nQ7qO5w:16{FUgqaq0Y3m9Cth((tR9
23:47:04.754 [scala-execution-context-global-154] INFO  HelperUtils.Parameters$ - E'LGT5d"jJ2AX;0RL9u&z]YKE1>/#4hR=EKxP#
23:47:04.765 [scala-execution-context-global-154] INFO  HelperUtils.Parameters$ - 5elDOx,FAL:00(pmp;1g40_:b$syymT{bA34%UX\[\1x=7Bl6P,K
23:47:04.777 [scala-execution-context-global-154] WARN  HelperUtils.Parameters$ - (#dn-/J6nP6rag0P8paf1,Fw1<W
23:47:04.804 [scala-execution-context-global-154] WARN  HelperUtils.Parameters$ - rhoe3D{c6u]yebMO$F[Dxf~(?dS4uAbsWzUKJ]fvUdB!_Z&0FK
23:47:04.816 [scala-execution-context-global-154] DEBUG HelperUtils.Parameters$ - ~0.ip;hl{yHx>.i~l&e}Qg/TJeci/B
23:47:04.827 [scala-execution-context-global-154] INFO  HelperUtils.Parameters$ - 4wyjK(x~Y:k$
23:47:04.839 [scala-execution-context-global-154] INFO  HelperUtils.Parameters$ - Moy"T8}r24VYn!wI5hX8fI6ubf3ag3Q9hDSSam#hm>+:km`U
23:47:04.866 [scala-execution-context-global-154] INFO  HelperUtils.Parameters$ - T)zH`){TXMJ3x9LUpr+AT7hag2N5tZ5jT7fL9oR6sK6i9Jp!+)*pvW3NuLi0bj0t
23:47:04.877 [scala-execution-context-global-154] WARN  HelperUtils.Parameters$ - r[!5g>A(GR@((>E)6lcUX.ZOVsN+$HCgnYj.C4$&Vkzr_(
23:47:04.889 [scala-execution-context-global-154] INFO  HelperUtils.Parameters$ - mPXs8*wKN&e6<>(j-ae3ae0Q8iag2cf2B8rZ7pI6kV7vaf0ArQ9kzaVIo''KVX.x
23:47:04.901 [scala-execution-context-global-154] INFO  HelperUtils.Parameters$ - 3-,*t>A6-B-P>,zeu<>>JMk0
23:47:04.926 [scala-execution-context-global-154] INFO  HelperUtils.Parameters$ - P&Ph<W\.5,$MQK)%2]5q/R}vA^om
23:47:04.938 [scala-execution-context-global-154] WARN  HelperUtils.Parameters$ - "~%BS;rya?_$
23:47:04.950 [scala-execution-context-global-154] INFO  HelperUtils.Parameters$ - HtY_&\?w[G._lXC%WzBd
23:47:04.961 [scala-execution-context-global-154] WARN  HelperUtils.Parameters$ - $[$T.6(2&CaQ%?tdPv=U
23:47:04.991 [scala-execution-context-global-154] WARN  HelperUtils.Parameters$ - @2WcP5Ton%RlSgsCXy=;
23:47:05.003 [scala-execution-context-global-154] INFO  HelperUtils.Parameters$ - U)\Kt9Nb]6r!I.s1+p>?iU"R2O-'>O?3ut8I)vDdTeYcBLjrX$
23:47:05.014 [scala-execution-context-global-154] INFO  HelperUtils.Parameters$ - TmlV`'F|c./+=o<s+WKEOw[mrkUJ%'&D](nO]?GjLe
23:47:05.026 [scala-execution-context-global-154] INFO  HelperUtils.Parameters$ - KEc(3XSg#y?0-|^6Rlk?t[v+aS=i+Xpp*wLbs_%d$^LT|W&xn?eXc>k@`w
23:47:05.056 [scala-execution-context-global-154] INFO  HelperUtils.Parameters$ - j:\OiL6[P1%&(Nu%?4R2/L37*{0oQ7#>r*=V\27"6&
23:47:05.067 [scala-execution-context-global-154] INFO  HelperUtils.Parameters$ - $w_LxrR}rqGB:jvkl!
23:47:05.079 [scala-execution-context-global-154] INFO  HelperUtils.Parameters$ - {O2Q,sv8oh8hg*$$<!]IopS(tAd?
23:47:05.091 [scala-execution-context-global-154] INFO  HelperUtils.Parameters$ - (*]U((G{@S:a&ae3J7scf1D9wC5h<(+(Zia~dE=B.
23:47:05.128 [scala-execution-context-global-154] INFO  HelperUtils.Parameters$ - f{y+H^"[A"/~%E@39S&xcmYM5'kP
23:47:05.141 [scala-execution-context-global-154] INFO  HelperUtils.Parameters$ - 3k988EW^]]3O*F,M%CQ(W;96)mBrl>1-~@I:uqUb5Wk*KA
23:47:05.153 [scala-execution-context-global-154] WARN  HelperUtils.Parameters$ - u/P)UkxzBquH,h*"Q1+V3[W.Xg4ZQt5iT"
23:47:05.164 [scala-execution-context-global-154] WARN  HelperUtils.Parameters$ - S=Ju=W+y207M5icf0I8vF7lH6vJ5oag1J;oM8WqZMB,
23:47:05.176 [scala-execution-context-global-154] INFO  HelperUtils.Parameters$ - D9n-u7%(Obg3af2be2J7tcf3ag0ae1^3)|*7Q)*
23:47:05.187 [scala-execution-context-global-154] INFO  Generation.LogMsgSimulator - e2S\M7KR5<R{[E0>MPjU3eeqmoR/GX"f
23:47:05.199 [scala-execution-context-global-154] INFO  HelperUtils.Parameters$ - ML#pFV'O4@qBAPrBt7/NDp@?d*m51/K3O?\IcN
23:47:05.214 [scala-execution-context-global-154] INFO  HelperUtils.Parameters$ - lAfkJ8|swJ2ZH\vAK__I>*u1!K
23:47:05.239 [scala-execution-context-global-154] INFO  Generation.LogMsgSimulator - G&"Io;Ik}muI
23:47:05.251 [scala-execution-context-global-154] ERROR HelperUtils.Parameters$ - >wSUDiF=9<J>@PY4!Haf1bg3ae1G8jZ8hN6mF7j0p8<\&#:y4<qQ-8N-\
23:47:05.262 [scala-execution-context-global-154] WARN  HelperUtils.Parameters$ - 5*XIgz6~|).mA2q}YtyR>y{BY2Xj@.c%9RJ!Ky
23:47:05.276 [scala-execution-context-global-154] WARN  HelperUtils.Parameters$ - PvE\%kBPF}=paRbf2af0N5mF5qB6rac="e~R(m(nbN;
23:47:05.303 [scala-execution-context-global-154] INFO  HelperUtils.Parameters$ - X6EaVI?^B[?yZg!2Am[N8p,g.^NfvboM2\]D
23:47:05.315 [scala-execution-context-global-154] INFO  HelperUtils.Parameters$ - O4"HRGo1$QgyLu/[d*g3fLTN#Q0Wd:1cP`
23:47:05.326 [scala-execution-context-global-154] DEBUG HelperUtils.Parameters$ - a%QT:Zw)hIg_u.ejoEk,d)I8rbg3ag3K7hbe2ag0ae2cf3ce0G5gbg1Q5k&p6V7%W^[UYcwz7_$c,t{{
23:47:05.339 [scala-execution-context-global-154] DEBUG HelperUtils.Parameters$ - l'=S2rF&C}.y<sbAe%IrOCS$Ckkz.v_K|t;FQ?
23:47:05.367 [scala-execution-context-global-154] INFO  HelperUtils.Parameters$ - .]II%g_t2K#kDQnp]+4JZTZh
23:47:05.379 [scala-execution-context-global-154] WARN  HelperUtils.Parameters$ - "B]h{`544^heA"&^[>dT1;gz"gPcT&C-U<6hGse\J{4^{4)NX:^o
23:47:05.390 [scala-execution-context-global-154] INFO  HelperUtils.Parameters$ - BS)FO\?{FKKh_cw+2v!6%n1k4[z+hyU:Y0b/
23:47:05.403 [scala-execution-context-global-154] INFO  HelperUtils.Parameters$ - !"&~%9[#^[0oiI|y*;|Pm;:F$!z.9#,/)rakeI<'=hjfx_1y.{_5fY)AD022
23:47:05.414 [scala-execution-context-global-154] WARN  HelperUtils.Parameters$ - Q;"8R<.n6+4c@z4:,z=qR-H\:BW9&&`b"ym{k_d=
23:47:05.426 [scala-execution-context-global-154] INFO  HelperUtils.Parameters$ - 'lG}O6W]G)wL".9g<C8lbe0bg2Z6hcf1H8f-A)rln?T.?cR2u[bq
23:47:05.446 [scala-execution-context-global-154] INFO  Generation.LogMsgSimulator - 4DhT'{3Q/Rw!0F/P~{D\8Y:K_04><n(l'z9=':Bk$I{[O3[[aZ+pFDjIiaOT
23:47:05.475 [scala-execution-context-global-154] INFO  HelperUtils.Parameters$ - 4A'nBj2S,&;4`cYIfS)e;5jr^ivO}t
23:47:05.486 [scala-execution-context-global-154] WARN  HelperUtils.Parameters$ - _,_`1sgEwH9niNEDT~OJ1JT;b{/Tc+/'fd
23:47:05.498 [scala-execution-context-global-154] INFO  HelperUtils.Parameters$ - "];J\dT[_CIj)9d-{Y.cR]kvelqVOIXIr{SULXW:p-Bw#zW,
23:47:05.510 [scala-execution-context-global-154] INFO  HelperUtils.Parameters$ - _}SD>/,[Ah^6wIU}4L\?uX}bTX*Egpk7Pn)&
23:47:05.540 [scala-execution-context-global-154] INFO  HelperUtils.Parameters$ - \Nnx`<Lso1o9I*F[Ji!hrl)93G8CaJxJtCK<Y91;:eI1%9=RsM
23:47:05.551 [scala-execution-context-global-154] INFO  HelperUtils.Parameters$ - pcv</;%J\2e$;#/DOBR"!JhVYySOHhcf1bf0S7vbg0ag2cf0Y7iag0Z7uSA@)aaj*siud{Y<:e_>[}o-A<$H{yj
23:47:05.563 [scala-execution-context-global-154] INFO  HelperUtils.Parameters$ - /8p'Xj.j'xohVFdrJ"}=
23:47:05.575 [scala-execution-context-global-154] WARN  HelperUtils.Parameters$ - ,x`MFup7"tCWY,Sa,O3ue:?_{&dPZp(l&+ZK
23:47:05.601 [scala-execution-context-global-154] WARN  HelperUtils.Parameters$ - Bc:#Ne/l+]oE@1EH
23:47:05.613 [scala-execution-context-global-154] INFO  HelperUtils.Parameters$ - \N{i9><_To^J{drVk,cv/6Wz\1tt:sk*F@~<rcKl*093ECrU6d5P"7XI_o
23:47:05.624 [scala-execution-context-global-154] INFO  HelperUtils.Parameters$ - k*GOV3;LQ"3xhz(v!NMCk*>nX]nA<f.)7{uU
23:47:05.639 [scala-execution-context-global-154] WARN  HelperUtils.Parameters$ - 2,.B#[]wyf[P"ce1Z7mcf3ae3U5qbg2ag0ae2ce0[a{7.FJPx}3bt
23:47:05.667 [scala-execution-context-global-154] INFO  HelperUtils.Parameters$ - /R/>$UNTx"}/e3Hm|:J_W'
23:47:05.678 [scala-execution-context-global-154] INFO  HelperUtils.Parameters$ - MihUf"@HC)M3<j"G^|7H}<d@$Jn+W7ncg0ag2H6qcf0W8kbg1ae0${V=vb6WqiAJFa4QeA4PmH{`,Qa`
23:47:05.690 [scala-execution-context-global-154] INFO  HelperUtils.Parameters$ - -XT06e*P,+[5p=qb)=7E)NyST2eSuP
23:47:05.701 [scala-execution-context-global-154] WARN  HelperUtils.Parameters$ - 2a6le>s_y3s!R6rD8lT7hN6kT9oK8fae2ag2P}E=((-ESBP>
23:47:05.717 [scala-execution-context-global-154] WARN  HelperUtils.Parameters$ - v18gO]VVRWvm8f%*xj8%t`nLN3d\5rVwl~
23:47:05.728 [scala-execution-context-global-154] INFO  HelperUtils.Parameters$ - -+\/(:wSP)*A)aLuUvR!TC6-jCv4,c:o?&Tq,Y~r
23:47:05.740 [scala-execution-context-global-154] INFO  HelperUtils.Parameters$ - 9\s.Fne?DbD9iggloC@^+Xr%!x@mv{DP$7!bue1"+FV8A>7~:Ri99Y
23:47:05.753 [scala-execution-context-global-154] WARN  HelperUtils.Parameters$ - 7vU=5t>A\D^t1lP=mY(8$SK8L8pJ7vbf0bf0ce2]Ukq`E,'o6^]:M@K@tm?D&p+
23:47:05.779 [scala-execution-context-global-154] WARN  HelperUtils.Parameters$ - 'Cyr\,#5/U9hE6wO9rce0I8fae1~@oB'?c"d
23:47:05.792 [scala-execution-context-global-154] INFO  HelperUtils.Parameters$ - >kU'B.+a$N#sfY\\<zuk;[goMfia+yV:Q'#>Y/
23:47:05.803 [scala-execution-context-global-154] WARN  HelperUtils.Parameters$ - eB~9V^cb#6_A.F$nP}b{"d]"8e&;}QwG+j
23:47:05.815 [scala-execution-context-global-154] DEBUG HelperUtils.Parameters$ - at&I~*x8;.0_{Q[xr]G>dV}mUr
23:47:05.855 [scala-execution-context-global-154] INFO  HelperUtils.Parameters$ - cNJ|:3#,"%gJKXK]"wE^!"R>.v.+98-\
23:47:05.868 [scala-execution-context-global-154] INFO  HelperUtils.Parameters$ - W8LSYd!~c8qwEy'je2:(WRe:E?
23:47:05.880 [scala-execution-context-global-154] WARN  HelperUtils.Parameters$ - 64qc#-s5thZH
23:47:05.899 [scala-execution-context-global-154] WARN  HelperUtils.Parameters$ - 21AR.NU"5uOHv8{NMx&%yN~JTE"N_{8h;G5E
23:47:05.928 [scala-execution-context-global-154] INFO  HelperUtils.Parameters$ - cSr0PI<Gr@kRv*_($%6q)6e2In~ltB
23:47:05.940 [scala-execution-context-global-154] WARN  HelperUtils.Parameters$ - h{yDU@~,|@tODDzA_WXipNwk/>n}o:xx6_R:M/t'l*
23:47:05.952 [scala-execution-context-global-154] WARN  HelperUtils.Parameters$ - yy""D%sC9othr\kjLbce}2@^8-/S'*VnXkXYch0p134XDS-S}.FQC7gDb<q$
23:47:05.992 [scala-execution-context-global-154] ERROR HelperUtils.Parameters$ - eVg{HL(KDE{>Xt?V1z2E&JB!P(SL5lbg1A7lae3bf0bRR\AE2}F3{2,yU2dJsrcx4}o,[
23:47:06.004 [scala-execution-context-global-154] WARN  HelperUtils.Parameters$ - =~Q"IT8MPsu'||[R
23:47:06.017 [scala-execution-context-global-154] WARN  HelperUtils.Parameters$ - W{*(ZmGedrp?
23:47:06.030 [scala-execution-context-global-154] WARN  HelperUtils.Parameters$ - 7nXDv#t$]53V(W=EL#g`uT_G%hcPw^@O+%">Ub8eA:68T2<CSYhAMTO%
23:47:06.043 [scala-execution-context-global-154] WARN  HelperUtils.Parameters$ - w(B{<'b|K%5(K-LKaXOoZ[fBa^%]tP*h;XE.,n";=R
23:47:06.056 [scala-execution-context-global-154] INFO  HelperUtils.Parameters$ - FABAXjaq\PB5oF5qbe3K7wQ5kW5wbg3*a0aD:wfn[
23:47:06.076 [scala-execution-context-global-154] WARN  HelperUtils.Parameters$ - %DQ.*,p]~P5i*Klp]!Uq"hLW7_}sn[FCx$("Z7>js"r&bv~fHT4TuF
23:47:06.119 [scala-execution-context-global-154] INFO  HelperUtils.Parameters$ - 7aCWej{4Mrdyoe{[DUQdewpno+Yf)(Y|
23:47:06.136 [scala-execution-context-global-154] INFO  HelperUtils.Parameters$ - +-MP1g$^d|D95t0^
23:47:06.150 [scala-execution-context-global-154] WARN  HelperUtils.Parameters$ - 8Vc%n.6?iEj4]Pl)0/RjW"u_TX}rC\[A.a#Xj>;6qa2u4:
23:47:06.168 [scala-execution-context-global-154] INFO  HelperUtils.Parameters$ - _8edTfLx%6&Bw|>Lo&RtI@
23:47:06.210 [scala-execution-context-global-154] WARN  HelperUtils.Parameters$ - l&blXJ3XGGrhs=t/vRWG
23:47:06.221 [scala-execution-context-global-154] INFO  HelperUtils.Parameters$ - 3"<5(Z:jPQ\O{m]{p3lFivdGAGfM[K*RE[]E$PV0ui)vCO\;?5$[@w
23:47:06.233 [scala-execution-context-global-154] WARN  HelperUtils.Parameters$ - w:\/p8&8*A6\Xzt$OS
23:47:06.245 [scala-execution-context-global-154] INFO  HelperUtils.Parameters$ - ];n9qQs^99KKfyG3p+$e:]]Y7+Kz]N5kD9iG8oag0E9v/`<|D"$"]\:N,2KDN:=\4=6N%&}o}
23:47:06.256 [scala-execution-context-global-154] WARN  HelperUtils.Parameters$ - 0(V\e%sLy41v@DSIIz'=8r}]'N^D8EGi_2wHRHh'*yeHpc)E;^
23:47:06.268 [scala-execution-context-global-154] INFO  HelperUtils.Parameters$ - [*mRy|DT(}o^>PqJ|7b"Z[+/Um
23:47:06.286 [scala-execution-context-global-154] INFO  HelperUtils.Parameters$ - EOws>jO6{%&MK;-:""}CmArQ%("da:F+uA{CF,P)D6M![^
23:47:06.316 [scala-execution-context-global-154] ERROR HelperUtils.Parameters$ - P099?5*c[pR/uK]W'@GR|y*OWrjn[7OP%,#,%da]
23:47:06.327 [scala-execution-context-global-154] WARN  HelperUtils.Parameters$ - Ik#aG\f`LMQ5$yIaZNG4S_Xej,
23:47:06.339 [scala-execution-context-global-154] WARN  HelperUtils.Parameters$ - gd-0oY#P'@<6qC$MJrvz')
23:47:06.356 [scala-execution-context-global-154] WARN  HelperUtils.Parameters$ - _|d?`*0\Lv$wqtm~@H]R,;>scPDgy^vXjKGb=Z=^ZfBC
23:47:06.367 [scala-execution-context-global-154] INFO  HelperUtils.Parameters$ - 3Le0"/[rFfiExy^!K\0%6$BL7%0cfe]IJ^l)qtX1
23:47:06.379 [scala-execution-context-global-154] INFO  Generation.LogMsgSimulator - -7nR?;EkZOTTNFH/3veEU^BnaAA[{0cNddAb#U04(aCTIrv{LEb>)3$U
23:47:06.391 [scala-execution-context-global-154] WARN  HelperUtils.Parameters$ - k6.V&@3u2>l%#K,BT=nZ~0X$'Xbjx?U[
23:47:06.408 [scala-execution-context-global-154] INFO  HelperUtils.Parameters$ - ^@axNL*Hws+7HIjwpshc
23:47:06.420 [scala-execution-context-global-154] INFO  HelperUtils.Parameters$ - .`5:)h<L15yRT@RH@]?be?v}UT.WhSq:8PBr~'"'vQg*>+eLZI
23:47:06.431 [scala-execution-context-global-154] WARN  HelperUtils.Parameters$ - <~"wyXE8SF=W`do#0NeMn>6w7z*C+'i.l2}hV|]e1M'+IC{|q1
23:47:06.444 [scala-execution-context-global-154] INFO  HelperUtils.Parameters$ - mz]]0`3[yy@p'ce3T6pG8nQ7kcg2A7sY7mU5tcf0W8kbf2I7mbg2G8obf0";a0hOd<DW"C\
23:47:06.475 [scala-execution-context-global-154] INFO  HelperUtils.Parameters$ - >:RDwV%+u2Rm!N5>rPo'Q2^Ov*,bQw_1
23:47:06.487 [scala-execution-context-global-154] INFO  HelperUtils.Parameters$ - T)/@o6|qH^WdEYae1cg3ae0bg3U5gK5jW6pbe3W5pag1?1U>e#3kD~5"-C
23:47:06.499 [scala-execution-context-global-154] INFO  HelperUtils.Parameters$ - $WV5C"?inha'h2L6^&z?pZIG1(`@r{S5~E9/tYaGyUicD7_neL
23:47:06.511 [scala-execution-context-global-154] WARN  HelperUtils.Parameters$ - tO-@@Dgsf>Q@n~q0Xcqwb{+)SLI`"*Ee@4
23:47:06.522 [scala-execution-context-global-154] INFO  HelperUtils.Parameters$ - MaLlfmEbg0ag2T5vae1U5kbf1cg1C`"gBGm
23:47:06.534 [scala-execution-context-global-154] INFO  HelperUtils.Parameters$ - )MP0Yl!Qn(1BFs8I,.m'$O%bd[H`
23:47:06.552 [scala-execution-context-global-154] INFO  HelperUtils.Parameters$ - $0EI#'FRk>s&|q"$q.{pt8V3ZR^okL0}E$TM
23:47:06.578 [scala-execution-context-global-154] INFO  HelperUtils.Parameters$ - \cXG%Z,d<sPxQ\XYh=GN<}:1A,/sg'?(sl=?:Fll
23:47:06.590 [scala-execution-context-global-154] WARN  HelperUtils.Parameters$ - aDW7g?p;5%KoMJj|i#.!QbjtG&g)vQ
23:47:06.602 [scala-execution-context-global-154] INFO  Generation.LogMsgSimulator - bVEpEG@*A?`!"*yAML'N)"fWzg\jGiIeZek|7F|#4V(\"J'[q5GA"Wz6/HZ7
23:47:06.613 [scala-execution-context-global-154] INFO  HelperUtils.Parameters$ - f``:,?8<c#/760#k7DT{5O!&c-,_LmQ*gTk(Fp@B9:AZK3d~T<
23:47:06.625 [scala-execution-context-global-154] INFO  HelperUtils.Parameters$ - eh[PE1kkYR8G{>D6fbg0E6vD7lbe3H\,@h[w[&8NY#|
23:47:06.637 [scala-execution-context-global-154] WARN  HelperUtils.Parameters$ - 2lof{8'R6!sY
23:47:06.650 [scala-execution-context-global-154] WARN  HelperUtils.Parameters$ - ZyM3W$+dvQk|<2GL9%:k
23:47:06.663 [scala-execution-context-global-154] WARN  HelperUtils.Parameters$ - (tJ%Ao?UkDtnKaWFTqd`=Z66=1:!vajANF}K,*%?[N\s/;51&W
23:47:06.693 [scala-execution-context-global-154] WARN  HelperUtils.Parameters$ - V>'0>;SDkx)9_u.f|cY7
23:47:06.706 [scala-execution-context-global-154] INFO  HelperUtils.Parameters$ - cdY&qJ<qFGPeKQ<2cuN?~UxHs$v,-T
23:47:06.719 [scala-execution-context-global-154] WARN  HelperUtils.Parameters$ - 7{SHmkC'Y^.vE[R{+g0c64oSlF)/"L&=5Bv^
23:47:06.736 [scala-execution-context-global-154] INFO  HelperUtils.Parameters$ - R,I(KbAENt@QfZ)Rkw68_-qsrv:#!J
23:47:06.748 [scala-execution-context-global-154] INFO  HelperUtils.Parameters$ - q;ty>ZqvIA@ykQ<Qp0MD2s|[c+ka<JY`5="#\VLd+jm[&N@'*VMv,]JC
23:47:06.759 [scala-execution-context-global-154] ERROR HelperUtils.Parameters$ - $5\$K]<.oB`.iMD&GxAPg9'+,)bLY#"6&L7V`&E^-&3ftu$[+o
23:47:06.772 [scala-execution-context-global-154] WARN  HelperUtils.Parameters$ - 4q_,u+eWhvri
23:47:06.804 [scala-execution-context-global-154] INFO  HelperUtils.Parameters$ - :=s+>"PW!:=#8YoGg/TVTYKlGf.\pJp7-1P)H$@3#'qn?Od7
23:47:06.815 [scala-execution-context-global-154] WARN  HelperUtils.Parameters$ - @">)G,o0Pm89ir+hXJpU
23:47:06.826 [scala-execution-context-global-154] INFO  HelperUtils.Parameters$ - xtmZ`O;QkAU$3WX6vC7gbe3I5jO5pk-~V*V1B"aK[l@
23:47:06.838 [scala-execution-context-global-154] WARN  HelperUtils.Parameters$ - &KsNbnqL3GX;@@5I'$]ut(
23:47:06.866 [scala-execution-context-global-154] INFO  HelperUtils.Parameters$ - #0T8+bz#{*[=F_r}AQWxxm:U
23:47:06.877 [scala-execution-context-global-154] DEBUG HelperUtils.Parameters$ - oOSSb.PB~E*&fbol
23:47:06.889 [scala-execution-context-global-154] ERROR HelperUtils.Parameters$ - f*=N)t_/|V)0R59R]Hm8:y4#Rj
23:47:06.900 [scala-execution-context-global-154] INFO  HelperUtils.Parameters$ - &nz\"y)WBKtO]V+J$_lU
23:47:06.912 [scala-execution-context-global-154] INFO  HelperUtils.Parameters$ - {OLbOggbg1Q9hJ5uE7wT9iX7oV9n)<S`~<<
23:47:06.923 [scala-execution-context-global-154] WARN  HelperUtils.Parameters$ - q7k9K{.yL!<t=CrN/[tK5nS9pbe3U5mU6pT8iF9mJ7tsF}V$gySjBZ~8:5HOJI
23:47:06.944 [scala-execution-context-global-154] INFO  HelperUtils.Parameters$ - vi/C#q\EU>|@SD8a!08*NX4INR}B|+s1s\EEnf5{{9@&
23:47:06.975 [scala-execution-context-global-154] ERROR HelperUtils.Parameters$ - 1\LkJ|~NZvKC|AYm?qI$D8>}9N+$GtY=7nd)}/Zhv=@6=,
23:47:06.987 [scala-execution-context-global-154] INFO  HelperUtils.Parameters$ - kUD?Jc^F7bRI&<qce1ce2ag0be0C9h>X]rEH~:uo#@zdl
23:47:06.998 [scala-execution-context-global-154] WARN  HelperUtils.Parameters$ - mOtQHbo#C9lC7gH9jU8vce1X&J_.k(l
23:47:07.031 [scala-execution-context-global-154] WARN  HelperUtils.Parameters$ - keEl#~nYNQ]7_Ea+Ov9$Je!`mKN-C*8$tm[haO'QD5h*Xcs[{sN\
23:47:07.042 [scala-execution-context-global-154] INFO  HelperUtils.Parameters$ - 8H70W1%HwnYY,\$6jM?8<dT>>_54@5Z9*eOZ&EHC-Tp+
23:47:07.054 [scala-execution-context-global-154] WARN  HelperUtils.Parameters$ - v5]uE^i(i):]ns
23:47:07.067 [scala-execution-context-global-154] INFO  HelperUtils.Parameters$ - [&QY`Sb:xE/?{-yxz~a\MV7mbg3ce3af0cg09v4D<-!JJIX'7uVU*MFR5
23:47:07.094 [scala-execution-context-global-154] INFO  HelperUtils.Parameters$ - Q|l&\b02xSMpw1z}5yK{s^2;12*y%%JtDr^\[!B:\wt:vh.cIL7O/XKgK?4g
23:47:07.105 [scala-execution-context-global-154] WARN  HelperUtils.Parameters$ - (^y/'ExBkLv-WPBd<tX]O[
23:47:07.117 [scala-execution-context-global-154] INFO  HelperUtils.Parameters$ - Yf7>"y^>>\#U;+"GBFj>$8o4bmU02QRZWQv`genVC3
23:47:07.129 [scala-execution-context-global-154] WARN  HelperUtils.Parameters$ - F0Y_gk:J1h+LEKy.k~c2fA;VwUT@L4QAwuppdi&#jI
23:47:07.140 [scala-execution-context-global-154] WARN  HelperUtils.Parameters$ - .n-q$ip.=&:b&W67RHNbaK,o(=c\E,ukjhshr+q"dJ~?@{cUd:9l
23:47:07.154 [scala-execution-context-global-154] ERROR HelperUtils.Parameters$ - J+=,K&1KG`\x)i;&)VvLh9iz_AWv"$is|V:orV^miq3/
23:47:07.167 [scala-execution-context-global-154] INFO  HelperUtils.Parameters$ - }Ye+:*rnG/Kl,yKK=%"[CHo'D{A>5t!lBzB?
23:47:07.179 [scala-execution-context-global-154] INFO  HelperUtils.Parameters$ - @eoK'<zp+5a+DucU,dHnA_13*8||r2.4se,}
23:47:07.207 [scala-execution-context-global-154] INFO  HelperUtils.Parameters$ - NIht[Sc5l(?,,AHvX0dpCD]#hM{F2~FYM!y-T{E<@h1_&]N4
23:47:07.219 [scala-execution-context-global-154] WARN  HelperUtils.Parameters$ - yaH$"Fk!QO|F@T;%
23:47:07.230 [scala-execution-context-global-154] WARN  HelperUtils.Parameters$ - bCxX5*o7C(EB=]@AWYo+eXL~jjL'(lQJ\}}U%=>kL'R+W(
23:47:07.243 [scala-execution-context-global-154] WARN  HelperUtils.Parameters$ - +F>{,P#[3HmYEmx0xh73o;e:oVgACtS8gV7wbg1ag3V5r6lD>\?-$#-Vh'pudj{e#v\[*yk)7':
23:47:07.254 [scala-execution-context-global-154] INFO  HelperUtils.Parameters$ - WOhHW'^l0YfT_o\[":qlO@g}FZ@\\\W6}EQDVS{;mwmuUR
23:47:07.267 [scala-execution-context-global-154] INFO  Generation.LogMsgSimulator - $H5YXeHt)wA4VlCs-:Cx~T64M;'42;
23:47:07.284 [scala-execution-context-global-154] INFO  HelperUtils.Parameters$ - ~<5ZkY6cg8Z7oD6fT7gL5naf2ce3Z9hae2J6scg3af0ag3#}/wWlOqj?
23:47:07.315 [scala-execution-context-global-154] WARN  HelperUtils.Parameters$ - ~M(!hHeok_LA#v*tv)rJ3[Lbe2Z7gB6mG8oR6jN9wtn~i^%-os?N"~6y\i*+G#[h
23:47:07.327 [scala-execution-context-global-154] WARN  HelperUtils.Parameters$ - 0+aUm2nHdt,(!bple"_/I|$lR96Y^@:Qu6|N@))z;olK,MYD?i
23:47:07.340 [scala-execution-context-global-154] INFO  HelperUtils.Parameters$ - \Ymk%u^LvS;+Vs2uhEw[YOvYZa
23:47:07.352 [scala-execution-context-global-154] INFO  HelperUtils.Parameters$ - Hwo`N>$em(3^AI[1gH1rV|p2IUHG%Wny*RdB4d
23:47:07.381 [scala-execution-context-global-154] INFO  HelperUtils.Parameters$ - n"d~eT"4wW!#4;a[Do<T>~aw!+tq+}6hR29]^e|^dWI{5L,&PEb%G#
23:47:07.393 [scala-execution-context-global-154] WARN  HelperUtils.Parameters$ - f]"7E~4cP"6_7LtPT0OY~.'xT+$9{BU8jq2A-,)v+nt8^CLa|*I,
23:47:07.404 [scala-execution-context-global-154] WARN  HelperUtils.Parameters$ - l<7V}c#ag3C5wY7mM7obe2be2-2j"{lo
23:47:07.418 [scala-execution-context-global-154] INFO  HelperUtils.Parameters$ - 1C~-$r5A!Ivw(a80,8}|d;-h/|aTD5atm!2''NLA,~pdr|
23:47:07.449 [scala-execution-context-global-154] INFO  HelperUtils.Parameters$ - ;"JE%3ji*S=-D8fUiQ0l]a
23:47:07.461 [scala-execution-context-global-154] WARN  HelperUtils.Parameters$ - <vp;?Ype<MIq':~87bK63ea)
23:47:07.473 [scala-execution-context-global-154] INFO  Generation.LogMsgSimulator - |^QXVH:JcV-u=eeDzS0UQp
23:47:07.485 [scala-execution-context-global-154] INFO  HelperUtils.Parameters$ - 5s"HeCJ>5R0iK9r[rqE#nCd'cAIQuk
23:47:07.502 [scala-execution-context-global-154] INFO  HelperUtils.Parameters$ - MN\~bjK~*3:6
23:47:07.514 [scala-execution-context-global-154] INFO  HelperUtils.Parameters$ - =o9J[DvBcg0K6iaf2ce0J9nM7taf3U9iX9oU>@j#'Ss
23:47:07.525 [scala-execution-context-global-154] INFO  HelperUtils.Parameters$ - *05uNPy:^?O6oV9paf1I5pC6nM8uae34O\$h=fXaR
23:47:07.537 [scala-execution-context-global-154] INFO  HelperUtils.Parameters$ - R=e7P9PL;n^IQUMJ}OkF>)x.iD&ahanhHu
23:47:07.565 [scala-execution-context-global-154] INFO  HelperUtils.Parameters$ - hBRp|:.@=\\$$;#\y@#7.8IJ4mO7nce2cf0T8nQ7oce2F5tcg2]'"b3*:$WIX,ar\e=E,P8"{][;
23:47:07.577 [scala-execution-context-global-154] INFO  HelperUtils.Parameters$ - vA:Hr=rFoP+{d5m%fca[jIfq@k"X]d_'<[il{{`{`SW(p%mSjr
23:47:07.588 [scala-execution-context-global-154] WARN  HelperUtils.Parameters$ - Q!h"hMz:6:=w7Cz@%Q_0Kp.P2ikq7IB=U1.NFK
23:47:07.603 [scala-execution-context-global-154] WARN  HelperUtils.Parameters$ - #0+h?[=>|"5$5$?|{Bm>
23:47:07.631 [scala-execution-context-global-154] WARN  HelperUtils.Parameters$ - Q$e6PC=&eys>DV%TW4)cg3cg2N9gK7rJ9faf37)uc3[]dSn{m6LO;aUJ
23:47:07.642 [scala-execution-context-global-154] INFO  HelperUtils.Parameters$ - .<(.0uTr"mhv9(/,6wge@Yfn3((4=h
23:47:07.655 [scala-execution-context-global-154] WARN  HelperUtils.Parameters$ - W>D=nT/u9SuWtB;Wsu!#zMBE?4
23:47:07.667 [scala-execution-context-global-154] INFO  HelperUtils.Parameters$ - J{4#4\LHWyD-SOyR+g%r~NO,13KO*cw'[JH0}ka-,*/n+]J(~>G-=V-&XCO)
23:47:07.698 [scala-execution-context-global-154] INFO  HelperUtils.Parameters$ - I0`K3pg6B0w{8~TK!7x4'%]+&Y,qr0$C6ld7`ltX(G)0xOzwgo{3
23:47:07.709 [scala-execution-context-global-154] INFO  HelperUtils.Parameters$ - _nxp5|)|'#5gsO"BfQ%KiJuX!uB<Nu9@
23:47:07.721 [scala-execution-context-global-154] WARN  HelperUtils.Parameters$ - :r+{ngkQ>G)K/3]-aC#?lo
23:47:07.732 [scala-execution-context-global-154] INFO  HelperUtils.Parameters$ - >Vn#W?&KE;yuni^5Tc.0Pcmha#5|{n/aZp#H'`?0\yQq
23:47:07.744 [scala-execution-context-global-154] DEBUG HelperUtils.Parameters$ - 2-\u!{oBEGqpDTBz"rn|Vj~Oor'pv/>w~hstp6~$hDm4CJ
23:47:07.756 [scala-execution-context-global-154] INFO  HelperUtils.Parameters$ - |4zCrEI,r=$]
23:47:07.768 [scala-execution-context-global-154] INFO  HelperUtils.Parameters$ - fOB|h4H(R,'EMIDzZYLLiqIb
23:47:07.787 [scala-execution-context-global-154] INFO  Generation.LogMsgSimulator - 1%[.OujL/&_:>*D(Y/xK+!.x]zkACp/i}2e\8"pxF/F6)D_H
23:47:07.814 [scala-execution-context-global-154] INFO  HelperUtils.Parameters$ - l5Z);zVEHX#~C+5Min>bbvOW@gb4^r3rFd
23:47:07.825 [scala-execution-context-global-154] WARN  HelperUtils.Parameters$ - F8h]YNZux&zs9|
23:47:07.837 [scala-execution-context-global-154] INFO  HelperUtils.Parameters$ - 7db`Sw/$Rh`w18pX,pj|`Qb21I:ol_Z{:H[%d)NHsC0f$_;)T|+A5O
23:47:07.849 [scala-execution-context-global-154] WARN  HelperUtils.Parameters$ - }5_Mg)xlcY*$u%L+;fb!d]CD7'$}UW&.]!fYi.qyF,c2''
23:47:07.877 [scala-execution-context-global-154] INFO  HelperUtils.Parameters$ - n@n+;X`T0*ME;3~5f$N8nR8jbg2C7obg2p:t:1wvlma_QG-yt&E
23:47:07.888 [scala-execution-context-global-154] WARN  HelperUtils.Parameters$ - 5C8X0Bd/YvS)qpH(s!_q&IR`cf1J6kK8jC8scg3ae3U8wN7vL6rG5pE9uV/+^F<<4=8Pk^Mn@8|m[fj'.
23:47:07.900 [scala-execution-context-global-154] WARN  HelperUtils.Parameters$ - vK"@/:9I_rc"YMSR:(e4;BjR)~;qNYQ8wU8ubg1bf2T9kcf3(oH]eXKlA_2$JoO9-QbSkPa#RJh|5I
23:47:07.914 [scala-execution-context-global-154] WARN  HelperUtils.Parameters$ - `QPIkkszfh]4o$5HaaqZ\tFfvD##0\O["HLKw*Bf;it-]nh!Hx:-7Hr,WT
23:47:07.947 [scala-execution-context-global-154] WARN  HelperUtils.Parameters$ - R8%a|}uHL#g]
23:47:07.960 [scala-execution-context-global-154] INFO  HelperUtils.Parameters$ - FD(fF%%Z"G-fw6>0e;=kI[+=eG\Z69]`)e=t]ybb
23:47:07.971 [scala-execution-context-global-154] INFO  HelperUtils.Parameters$ - ayMu(1`|s5>#_^TK,6I8&{Dh^W@jl~A);JLW)phuc\mDf]oFa^`K
23:47:07.985 [scala-execution-context-global-154] INFO  HelperUtils.Parameters$ - *V-\nS1&F:6X=8y'g;VDF<u<]ry?G#:7
23:47:08.019 [scala-execution-context-global-154] INFO  HelperUtils.Parameters$ - 2H!&jIue!kqft<I>,{A?.a<Cd2uP\,~rWfDPNH
23:47:08.030 [scala-execution-context-global-154] WARN  HelperUtils.Parameters$ - d2kzELDe7Y-<
23:47:08.042 [scala-execution-context-global-154] INFO  HelperUtils.Parameters$ - Owd3bp_P)N.\\4w#6HCJ7:XIO\M!t|bg2ae2ae1B6rbg3bf0cf2cg2V8lbf2;'^S`kO`G@kr.zRD[oRH7}o|I9r\bz
23:47:08.055 [scala-execution-context-global-154] WARN  HelperUtils.Parameters$ - x+g!ZY:.-U9UTrU=kB~xtGwXce1Q8jbf2af0ae1B5ibg0A9gbe2lf}5f^Dv!V[uJMoh_|pZME\h
23:47:08.084 [scala-execution-context-global-154] WARN  HelperUtils.Parameters$ - 9H~K[ed-)D}#q!%"K&M@e@"Dl,tuvlg&gx.E;4UbKB
23:47:08.096 [scala-execution-context-global-154] INFO  HelperUtils.Parameters$ - -6Y^\3!`*;~i$`%tp-O&E$:m7vRo
23:47:08.107 [scala-execution-context-global-154] WARN  HelperUtils.Parameters$ - -0kF04O4Lzbf3M5jX8pae0ag2V6kI7tce31dhn8{)#>H
23:47:08.120 [scala-execution-context-global-154] WARN  HelperUtils.Parameters$ - L]k\e6aWS8$Ur(ma:nd[3bg3ag2G5pL9rV9sA8gP8v:i35$koZsv6>wMFic[:Vp
23:47:08.149 [scala-execution-context-global-154] WARN  HelperUtils.Parameters$ - rozwHy!flgoYEvzEaH+W>B
23:47:08.161 [scala-execution-context-global-154] WARN  HelperUtils.Parameters$ - "-*}U*A+{L.,P7qbg2C6mce3K9sag2KkM1+8St3%i_
23:47:08.174 [scala-execution-context-global-154] WARN  HelperUtils.Parameters$ - *$vL+o&\sL1SCmbg1bg2bf1G5gR7fH6wce1ae0}/0m?`kAjlx9;"
23:47:08.198 [scala-execution-context-global-154] WARN  HelperUtils.Parameters$ - )c*8h:p<^hK89mi/5!`L%lP9C.A<}HAD+8?e<B_7A:+auh
23:47:08.233 [scala-execution-context-global-154] INFO  HelperUtils.Parameters$ - @IOOLAct$Wb}*gL~M=3xQ..oO?.{%Me&F2)J'M!>
23:47:08.245 [scala-execution-context-global-154] WARN  HelperUtils.Parameters$ - APa'1s<E3SZS~Pge4',2>|;ls:F\}S
23:47:08.256 [scala-execution-context-global-154] INFO  HelperUtils.Parameters$ - {@S47ti.1Od*Fc^'c>0^YXtyN9}e@N=e^-dpIs8F}L7)`p
23:47:08.268 [scala-execution-context-global-154] INFO  HelperUtils.Parameters$ - Qh\*fdMy}^Abg1T7tY9pce1ce1N;=@u_#nVBl
23:47:08.301 [scala-execution-context-global-154] INFO  HelperUtils.Parameters$ - qPxm6G^XgfK+
23:47:08.312 [scala-execution-context-global-154] INFO  HelperUtils.Parameters$ - ^3wP&`Aq%N3LNL(m8ce2ag1af2U8mC8jJ5nae0bg3V9hag0]5~'GisT}l"#H7=N{
23:47:08.324 [scala-execution-context-global-154] INFO  HelperUtils.Parameters$ - xFsXR-M93Uh"!s^/
23:47:08.338 [scala-execution-context-global-154] INFO  HelperUtils.Parameters$ - ZNy7;b@L=vi7R3:PW"6[~04\qbf1C7mV7wT9fbf1H9jT7rQ7kH5scf3M7MRP>{THe-KN"A7#8[hZb5a}
23:47:08.366 [scala-execution-context-global-154] INFO  HelperUtils.Parameters$ - ZRzBVnu]?Ivt5/g+b`TU)IF)qWdmce0ae1D9wT5iZ6nag2p3^F$FXE/-V2o";rh,+UlV&#g63k
23:47:08.378 [scala-execution-context-global-154] INFO  HelperUtils.Parameters$ - C[\\:]-ALNU8jbf1R6qag3cf2\E>N.A"BNB
23:47:08.390 [scala-execution-context-global-154] INFO  HelperUtils.Parameters$ - M'.MLj:bRN63V!JhYo8t=YBJkc.hE;T^OO4\XJ/]J@$Z
23:47:08.404 [scala-execution-context-global-154] WARN  HelperUtils.Parameters$ - G]`(@o,K0WbSA&p)jS.aa3pe3]ilEU04
23:47:08.431 [scala-execution-context-global-154] INFO  HelperUtils.Parameters$ - g[wRvddm{OSf/5
23:47:08.443 [scala-execution-context-global-154] WARN  HelperUtils.Parameters$ - [E*#Iel+).^\eds>5\Qc+zv0>?LGVEdo`7O}vB
23:47:08.454 [scala-execution-context-global-154] INFO  HelperUtils.Parameters$ - .ldeNDt3cn}JQS2[A4P~wF#[yujE`T4@X@(w(AjWda
23:47:08.466 [scala-execution-context-global-154] INFO  HelperUtils.Parameters$ - SCF?B^+kN#s$hm$5F/
23:47:08.483 [scala-execution-context-global-154] ERROR HelperUtils.Parameters$ - ,IU0sq'B.dhlN?MT4kifm(|U!rK+g-rLREhAE>h;O5\aRX%;N>u`[AN1
23:47:08.494 [scala-execution-context-global-154] INFO  HelperUtils.Parameters$ - A(f!fQ`ig=K0bdCs:225Jx
23:47:08.506 [scala-execution-context-global-154] DEBUG HelperUtils.Parameters$ - O"H=s20mRjkcy;0H$,wf\Y\y-?BNr*w:Q_sx]-HixK=Wfys[
23:47:08.517 [scala-execution-context-global-154] WARN  HelperUtils.Parameters$ - (;~uWdJr?hCiLJ~e6W~"`Bz0f>aN#YVR
23:47:08.530 [scala-execution-context-global-154] INFO  HelperUtils.Parameters$ - f77a1Uw;^e+l&swk8-?cvJ<u
23:47:08.541 [scala-execution-context-global-154] INFO  HelperUtils.Parameters$ - ?0N[Cq{3H'yjl2L2-9P@'!W4P{
23:47:08.552 [scala-execution-context-global-154] INFO  HelperUtils.Parameters$ - oalU0|aEc(~fn^7?W+|TVb+E
23:47:08.573 [scala-execution-context-global-154] INFO  HelperUtils.Parameters$ - WUTdtk9<7y1Or!C)Av3U/.shCx[omm{6SdKHV6r8Bp=hL<4P)n:T-R^i
23:47:08.603 [scala-execution-context-global-154] ERROR HelperUtils.Parameters$ - ;Z@=0F;M$eQXZe$ywG[4^#|VVg&4g$Viv0=uZGX~"R[k
23:47:08.614 [scala-execution-context-global-154] INFO  HelperUtils.Parameters$ - u$?Ti(R9V1jOGM7"4l-'qIF[N6lQ8wcf0A6oC6i1oC6.$*7/D.\7`QYjn7X=H4B
23:47:08.626 [scala-execution-context-global-154] INFO  HelperUtils.Parameters$ - Gy\l}E#&2QXn\ORbg1G9iK6iaf0be3m33?2+KaCC}i}?X
23:47:08.639 [scala-execution-context-global-154] INFO  HelperUtils.Parameters$ - uWj5:[2!^fWZRQ,|tN
23:47:08.670 [scala-execution-context-global-154] INFO  HelperUtils.Parameters$ - xaZA,{Amp'0T_^'z49n}i~OP-)7PNf
23:47:08.682 [scala-execution-context-global-154] INFO  HelperUtils.Parameters$ - W:_.0$h@tG)6a^RoOp%E>}ZQ:NxRoyvh
23:47:08.694 [scala-execution-context-global-154] INFO  HelperUtils.Parameters$ - f"NN|~{E\s,}
23:47:08.714 [scala-execution-context-global-154] WARN  HelperUtils.Parameters$ - RInq;[x3DsWhB}Dx_=**j10)M1plevnv&eB3_-
23:47:08.740 [scala-execution-context-global-154] WARN  HelperUtils.Parameters$ - =f{g,9\@auWHW\
23:47:08.757 [scala-execution-context-global-154] DEBUG HelperUtils.Parameters$ - 3J.ULM$SLHl}oN*HI0VT%t=9EHq+C%K$ItRi-2H4u;P%)v7p
23:47:08.778 [scala-execution-context-global-154] WARN  HelperUtils.Parameters$ - g:f96S}S?$ES]3}'[wn&)^fjWk4'AV
23:47:08.808 [scala-execution-context-global-154] WARN  HelperUtils.Parameters$ - %0aN({Lsw,>ftN6mB8haf0J6rag14TLv\&7d''>Lz
23:47:08.820 [scala-execution-context-global-154] INFO  HelperUtils.Parameters$ - 4`cI3N'gYR%=GY^zgtgDr+
23:47:08.831 [scala-execution-context-global-154] WARN  HelperUtils.Parameters$ - k<~3'#9C4}EVC8>+Re?:F}>n$7:3v8j3sY(!
23:47:08.843 [scala-execution-context-global-154] INFO  HelperUtils.Parameters$ - ?h5O=y,ggyjn
23:47:08.885 [scala-execution-context-global-154] INFO  HelperUtils.Parameters$ - 2`r{}Nm_pXYs=9mUExj-/#SS6Jh>Zsm*741d
23:47:08.897 [scala-execution-context-global-154] WARN  HelperUtils.Parameters$ - z.{5p!R+VhGcf2M5lag0O7pce0ag3X7jM9s%">IH6bGKj/
23:47:08.910 [scala-execution-context-global-154] INFO  HelperUtils.Parameters$ - N{!R~*pjYpOg{}juLgc=\dJP=Y
23:47:08.931 [scala-execution-context-global-154] INFO  HelperUtils.Parameters$ - #84vWEIae0af2Q7vY8gY9gG6wBCZ00=T
23:47:08.966 [scala-execution-context-global-154] WARN  HelperUtils.Parameters$ - +u`C5&pUGXEY.IP_7Jt6"hE%dvAp@A
23:47:08.977 [scala-execution-context-global-154] INFO  Generation.LogMsgSimulator - q['>gw1[(h0=Y}`2$v>J!fR`?A:JI'lJRESM(;6e0_gn)!*FEI
23:47:08.989 [scala-execution-context-global-154] INFO  HelperUtils.Parameters$ - |_!Kno@PqGC&+"ZW1tlx=M#".6$dFf
23:47:09.001 [scala-execution-context-global-154] INFO  HelperUtils.Parameters$ - nx=6RNeG^pkw7?Wxad~/.P=cf0G6waf0A6fQ7q2a\KCi}b<R*Zp>?Q/UD$5Jr
23:47:09.038 [scala-execution-context-global-154] INFO  HelperUtils.Parameters$ - p$9(Cq!{n*%:mVtkvhtvMaJk._ma:_2ZF(RY~JypuO{T^hw/Of
23:47:09.050 [scala-execution-context-global-154] INFO  HelperUtils.Parameters$ - (-=$TEua="/^~{;fgpgxJ,*|wV&Qh+|B^=JM%i&drTXbl>=>\i?p0#)'/q
23:47:09.063 [scala-execution-context-global-154] DEBUG HelperUtils.Parameters$ - "WK@gZ5rjt|5wJUK]UdM!8@!3C5LoVFOxo@,7*{0xA=pB]X{BUR&KVG4
23:47:09.081 [scala-execution-context-global-154] WARN  HelperUtils.Parameters$ - +Vs6)YQh++7ODQ#)YsYxr`"F1#,nFAe?@_!="W*]2mv23DX_
23:47:09.093 [scala-execution-context-global-154] INFO  HelperUtils.Parameters$ - T_;Z9p<c&Q"EOye="JuY.]9G]eX!/jqs)8rfY-
23:47:09.104 [scala-execution-context-global-154] WARN  HelperUtils.Parameters$ - W^R<)tGb93)>Xd'C4qcMS*.ys,s)e#ezU1[nmEmr1iWO-o
23:47:09.118 [scala-execution-context-global-154] WARN  HelperUtils.Parameters$ - :j"0$]656-s~Iq;#;"ac8\{LFsa's/p!}4W}B8"zIH:7sY4$e,"P
23:47:09.141 [scala-execution-context-global-154] WARN  HelperUtils.Parameters$ - 0)t}WY@9j!A\;E6nbg0L8mG9qX9k^EwD~HX(mfOqf
23:47:09.153 [scala-execution-context-global-154] INFO  HelperUtils.Parameters$ - U*-U$$IW-1Z;V?{5}3gyR<e7S16"]#?+uza6l8F%5IOe,yE`va-6Yrdd
23:47:09.166 [scala-execution-context-global-154] INFO  HelperUtils.Parameters$ - l|wjlw*BSrrb,,$^{5qR[P/p@w=x3G
23:47:09.179 [scala-execution-context-global-154] INFO  HelperUtils.Parameters$ - Go:9F[}hP-;Z}lm=*'Us(O_w}NKD}<c1AbjP=,q3xwZ(Z&<8b8
23:47:09.208 [scala-execution-context-global-154] WARN  HelperUtils.Parameters$ - !(]AZ\h0(+qe9Ey.|Z(/6t4e8eKWTS[V$w794|
23:47:09.220 [scala-execution-context-global-154] DEBUG HelperUtils.Parameters$ - j(J>f[]va\hGiYg~1$g`Ng8WKz7>q8b1g;O_
23:47:09.234 [scala-execution-context-global-154] WARN  HelperUtils.Parameters$ - 6-b!edfHkNXctTn(:uKi!$r#CwZ^6QTH[e$c\1$UKQMOUC5@{)
23:47:09.269 [scala-execution-context-global-154] INFO  HelperUtils.Parameters$ - ZJ?(Ta>SnVCw}b0KvF~%pWqA7pP5tL8tJ6kS8p"9BBI$at"c8%A'XY}>fcaW}
23:47:09.281 [scala-execution-context-global-154] INFO  HelperUtils.Parameters$ - hg>H_XJ:%4<'LJ1gipQwupezMPDJA.j?/Ey0D3
23:47:09.294 [scala-execution-context-global-154] INFO  HelperUtils.Parameters$ - 0_}U7JPPPFf:qn&@{CcIhrrjRkBIhb*oA8
23:47:09.306 [scala-execution-context-global-154] INFO  HelperUtils.Parameters$ - #:gD<f\wnV|r
23:47:09.317 [scala-execution-context-global-154] INFO  HelperUtils.Parameters$ - ~GO2ebWjLx-O%h
23:47:09.329 [scala-execution-context-global-154] INFO  HelperUtils.Parameters$ - ^\qf9PGn:.;Zf=$wK4sUR<Viszx9=(!9se"{lqsvp~mB
23:47:09.347 [scala-execution-context-global-154] INFO  HelperUtils.Parameters$ - Vdp4dF-JG!{L#w%r4[J7Va#I\vXwlE~|{1-a'dM(S_~a
23:47:09.373 [scala-execution-context-global-154] INFO  Generation.LogMsgSimulator - qs[T#6p7~l3iE2[?sM
23:47:09.384 [scala-execution-context-global-154] INFO  HelperUtils.Parameters$ - hl>,,Uz1qi^x
23:47:09.396 [scala-execution-context-global-154] INFO  HelperUtils.Parameters$ - **R&'>A$us!m[3O4&bpgeHdU*M{8RQ>ulA5<_#v76"
23:47:09.409 [scala-execution-context-global-154] INFO  Generation.LogMsgSimulator - !%qWHV6)ZkhPA56WO'v26p@oAG=v(^Z.[vGEvp%xA@
23:47:09.437 [scala-execution-context-global-154] WARN  HelperUtils.Parameters$ - VO*{]G[1'%0l`Zk1R6]53+d^y6c_S&smHq
23:47:09.449 [scala-execution-context-global-154] INFO  HelperUtils.Parameters$ - P"419GeQ-EIt.9"s63?miBY[zyrG-VwGqWB[5pq6!YBnxQX!9vdGPM
23:47:09.460 [scala-execution-context-global-154] INFO  HelperUtils.Parameters$ - cKnw?N|_m@=yg=!ve^%^p0rGA?najyP7nbg2ag3ce1L9tA7s!v?4_aI+Q"c,z6vhH"~],+&/?[m\r_
23:47:09.472 [scala-execution-context-global-154] INFO  HelperUtils.Parameters$ - Mo|&?BN?Bpx<_9'lw"\3BD$FfGosg3Rw%mX(Hs_{Em*N9wkA
23:47:09.500 [scala-execution-context-global-154] WARN  HelperUtils.Parameters$ - [87P|Ft$m*<Yfcb[^K1CO4ZvA;fMa{@55Le4zA)~xCs}yMee=99_\tI|-~S~
23:47:09.513 [scala-execution-context-global-154] WARN  HelperUtils.Parameters$ - `^Vc16/vEr=3(N\nBU;d%UT@p}g&1(2cO4.5YO
23:47:09.524 [scala-execution-context-global-154] INFO  HelperUtils.Parameters$ - $DI\DqB-u0qjIj,(EDjl|A5n(h%3ML9#/}$2/izm~ukL!tzH1#
23:47:09.541 [scala-execution-context-global-154] WARN  HelperUtils.Parameters$ - \qU+Kn!aGhiR*zBbr!Iyl8\jRWFA0[]GeWR&)p>yYFnzlGSeUj=hOp>.
23:47:09.552 [scala-execution-context-global-154] ERROR HelperUtils.Parameters$ - l!yPu[G|BM8iW5wce0be2be1qr$U:'DHj
23:47:09.564 [scala-execution-context-global-154] INFO  HelperUtils.Parameters$ - -<ND*oULF&su*@l34pgfwe(xcvNX'9L*%4h(a5Nr&2cvU_X"RDil>f0%1`o?
23:47:09.575 [scala-execution-context-global-154] WARN  HelperUtils.Parameters$ - w<Sa{uW7K~dN$Gh6cE]0n&PFZD&`WGTifo\r;[$"./Tz2uq^wr
23:47:09.588 [scala-execution-context-global-154] INFO  HelperUtils.Parameters$ - xC@)JT4}x*,K'1]WwT8=n_po7=Fb?fzU3~&eG1#<9f`y^<8U{QI>
23:47:09.599 [scala-execution-context-global-154] INFO  HelperUtils.Parameters$ - @vAq)h_(qzi?QX}keESw6+^'LZsu8sgLZP^Zg+jYxXys!XCvkW*qiE_veJ
23:47:09.611 [scala-execution-context-global-154] INFO  HelperUtils.Parameters$ - Xb2$eeb;>j$,ti?&mVeEs-N?6c:0Ce7*Rn:vs@^w
23:47:09.629 [scala-execution-context-global-154] WARN  HelperUtils.Parameters$ - Wt$!@$^i$?ZYYJJ{@|=ro(xKUG:\kS
23:47:09.656 [scala-execution-context-global-154] INFO  HelperUtils.Parameters$ - BL=}DkA1Mbf3af0J8rW7rK7rag0L5fSon85v$bH
23:47:09.669 [scala-execution-context-global-154] WARN  HelperUtils.Parameters$ - ;x:+36RO2c>LkjqpwFRFOpJ0w?|k}xH)8aSN4/;\W{IU(!
23:47:09.681 [scala-execution-context-global-154] WARN  HelperUtils.Parameters$ - s{^huMaU8"8"v^q=R':DTe4#o#W\}p$&KMq[Qc4hQE/hXMSG<}
23:47:09.721 [scala-execution-context-global-154] INFO  HelperUtils.Parameters$ - 'vf5:}$e?d[(
23:47:09.733 [scala-execution-context-global-154] INFO  HelperUtils.Parameters$ - t505>8\]0M:oN2YS|ElZ_L2o8G,B|@TfbCF627upj|b$wm
23:47:09.745 [scala-execution-context-global-154] WARN  HelperUtils.Parameters$ - I{3UHU.|Gag2af2H6lK7mL8nbf3C8q3j?+Z!g4D
23:47:09.757 [scala-execution-context-global-154] INFO  HelperUtils.Parameters$ - pS"8c?Pr7h[lrc]Y&9s'};5~Se8z
23:47:09.768 [scala-execution-context-global-154] INFO  HelperUtils.Parameters$ - {AMxs|G_ICZY46'\=+)4'AG>S6AEJn+U
23:47:09.780 [scala-execution-context-global-154] WARN  HelperUtils.Parameters$ - PSZHFWkAZ}KS+.\r`-}Xa)ME(K?Sjy!k+HoN
23:47:09.793 [scala-execution-context-global-154] INFO  HelperUtils.Parameters$ - 4&V?1)B~0ui%&K\f"C<{Goum3aNm+fC0u[
23:47:09.808 [scala-execution-context-global-154] WARN  HelperUtils.Parameters$ - ND5>~nHH,-F?bd_bVP*'1oZ^yua";KY9sI;GK?>2hW4ZScebe"xKc[
23:47:09.844 [scala-execution-context-global-154] INFO  HelperUtils.Parameters$ - qwpS-Kt|@xZP55($n71:.u>B@uQvh6q&;vpsbyf>iBR/
23:47:09.855 [scala-execution-context-global-154] INFO  HelperUtils.Parameters$ - ~,krrHjyeOmx_6/%Nn.@(S+%TqnIPf[]B?U_R({Xg'4WVJJ.z+m\F[nebMc@
23:47:09.868 [scala-execution-context-global-154] WARN  HelperUtils.Parameters$ - 1GWWLWm&eRtZqh31OdG|w[Ww(_PTN8hT8icf3M6lT8lcg0N9uL8mB7pR9faf1be1E9fRZk47eUg\{k?Os'>V0J8blwJoY=I
23:47:09.880 [scala-execution-context-global-154] DEBUG HelperUtils.Parameters$ - m4<;%52!bb3m(@kZ!j5Z>{l}ISpx1aw%zc
23:47:09.892 [scala-execution-context-global-154] WARN  HelperUtils.Parameters$ - xz$o5(Hb'\)&:v<v=w(i<Z-m@Dia|u3,!Y:-
23:47:09.904 [scala-execution-context-global-154] INFO  HelperUtils.Parameters$ - y@eM='TltX1NC]W*,$4Nw"M[af2cg1cf1ce2bg2X8lS9sX6fbg1bf1#W=W1ULyS8b}xeVCpZ[Hvs!e
23:47:09.916 [scala-execution-context-global-154] DEBUG HelperUtils.Parameters$ - j`K,;Z1lJZuVWSbg3cg2cg3I9wcf3G6sE9gAw[&r/_CxV"Ebu
23:47:09.930 [scala-execution-context-global-154] WARN  HelperUtils.Parameters$ - x'vvONN=w'UsbO\eQCHzEiVFI8NjX*.1
23:47:09.959 [scala-execution-context-global-154] INFO  Generation.LogMsgSimulator - TkN.^{ITpybx}/[,zW2dO*VI?cf0Z6mB8jag3cg3%nrPo`89Y_@,UEK1CDAsLO>p4
23:47:09.970 [scala-execution-context-global-154] INFO  HelperUtils.Parameters$ - &g2S{5J`PYA=]Wq_X~jUMV*>9XDC;a
23:47:09.982 [scala-execution-context-global-154] INFO  HelperUtils.Parameters$ - g'{I),rPZ^.+489d2HZ.nzP5pag1cg3O7kC5l|KrRE]8MFrWHCjx6SP?oNO
23:47:09.999 [scala-execution-context-global-154] DEBUG HelperUtils.Parameters$ - ;n$GppP&~P?O*F&@Pid&d~pz$|lXw+
23:47:10.011 [scala-execution-context-global-154] INFO  Generation.LogMsgSimulator - r&#M|4WMtoR=;"d"
23:47:10.022 [scala-execution-context-global-154] INFO  HelperUtils.Parameters$ - r*iL9r8.@ln>Kwq+47?hf$A_@=s[-#byKZ3NJs:+1USZlH
23:47:10.034 [scala-execution-context-global-154] WARN  HelperUtils.Parameters$ - H"z>)r,BOSq8SD=~;Fe-4.0&LsXRwtl4@=WlAHYOp@[.kSd,n3XPUL|-W*_f
23:47:10.060 [scala-execution-context-global-154] INFO  HelperUtils.Parameters$ - k:$5[^vT/-g+>>;UcL0mg1O9v8'$7F$LDGRl?z]uvFI}c'Hfy0!Jq-lEgC>1
23:47:10.072 [scala-execution-context-global-154] INFO  HelperUtils.Parameters$ - BPwd)22}6D.y"#Js|-<vyV\}}/H.04X0!CD6^iG_Y@?,
23:47:10.083 [scala-execution-context-global-154] INFO  HelperUtils.Parameters$ - ,ICj4Q>R2aZS)>kk4o>:pxkLn1|UEy(P9G^IH5$"Wy&^R|
23:47:10.094 [scala-execution-context-global-154] INFO  HelperUtils.Parameters$ - :{!U`0'Dar7aI~p6{#@RFOCL{>sdI+x+%n$nE.%B}q.CNW5Be;RNd'
23:47:10.111 [scala-execution-context-global-154] INFO  HelperUtils.Parameters$ - ka4@|/Q69$sh)VXCSrE&KU.x~wjX{[J8X*TaY\
23:47:10.122 [scala-execution-context-global-154] INFO  Generation.LogMsgSimulator - _`-.#`^i>gS4|H#$K+MWDCg@INNKM#C(
23:47:10.134 [scala-execution-context-global-154] INFO  Generation.LogMsgSimulator - Eh1)g^zi@(/-
23:47:10.145 [scala-execution-context-global-154] WARN  HelperUtils.Parameters$ - sIU*.*'eF08)>;`l9>}6N/B>t]t$K#TsY\<TPvW&5d
23:47:10.157 [scala-execution-context-global-154] INFO  HelperUtils.Parameters$ - 6$Dap}>*cuAw^?hL/WSj+6{8UlHNWKH('%b4$jyvWd
23:47:10.170 [scala-execution-context-global-154] WARN  HelperUtils.Parameters$ - zMIx"+0<4Ig/%v90;$|j},MlE)&J^#x#`d+n.2)"}}@Zg8ef8|;4,C+F+3`!
23:47:10.181 [scala-execution-context-global-154] INFO  HelperUtils.Parameters$ - s=G5|fC#y=g>9/:|VOtW$/kMujzSF&A#{ImoP{D~/;M#.#Zr{Bi}umL!99
23:47:10.198 [scala-execution-context-global-154] INFO  HelperUtils.Parameters$ - Fu{$Ukeo>(y6`/M/'+9`S;LMh0$.#00wf&c+]]kH6^a-J4
23:47:10.224 [scala-execution-context-global-154] INFO  HelperUtils.Parameters$ - @}.~-a|gZ2ABu569$/%F*&EQ{gyvp^1EiG*+%jkmkTOrA-d}E!2@rY<ERG
23:47:10.236 [scala-execution-context-global-154] INFO  HelperUtils.Parameters$ - eIWYl}5i=K[C),i6ribg&fhEP`HpF^sVeD)SuI/v4K)@9M;c)%U*Un>YOk
23:47:10.249 [scala-execution-context-global-154] INFO  HelperUtils.Parameters$ - ~bI~(&?x'bg0T8fD9paf2R9obg1ce0bg3ag3be0kK:)j_U5w
23:47:10.264 [scala-execution-context-global-154] WARN  HelperUtils.Parameters$ - dEMmtB~"cf0Z8mW5wU7lY7g?{9_\II2
23:47:10.275 [scala-execution-context-global-154] INFO  HelperUtils.Parameters$ - RY;ly3*v.6kk5?|7D54C)DvJ;hR&~L]2#>DZiwQ_%p
23:47:10.287 [scala-execution-context-global-154] WARN  HelperUtils.Parameters$ - :r71-&6FvVUwSU&,F2jfiB"./bEr\Or<0swc
23:47:10.299 [scala-execution-context-global-154] WARN  HelperUtils.Parameters$ - Q_;stb4CpH)SR`^bMOuqf~2Oag1ae1G9gce1bf1A7iQ7gF+6d#hsiE$J7R)+(edJ:L>8{
23:47:10.331 [scala-execution-context-global-154] WARN  HelperUtils.Parameters$ - }A:KI'f!(iFt7I;AHl_,RpA/%d3=Jy?"l%LNO!`M&&
23:47:10.342 [scala-execution-context-global-154] DEBUG HelperUtils.Parameters$ - h%Ke+vrz[R?$4@AsPP<?0l^A7{`u)8
23:47:10.354 [scala-execution-context-global-154] INFO  HelperUtils.Parameters$ - Ru@D5$6aB:75]6PvlOe%u<dHY;bxhW='gKfXE:6rC1ehf@V?%t:..^
23:47:10.367 [scala-execution-context-global-154] INFO  HelperUtils.Parameters$ - +'+66@c"M4_b[dlBKiD:?U[A#>vUKjp];CTi\,w8u@,N}=`-q4)+mcXm
23:47:10.394 [scala-execution-context-global-154] INFO  HelperUtils.Parameters$ - UMLsH|}4%mn)#o^hY?N\m2
23:47:10.406 [scala-execution-context-global-154] INFO  HelperUtils.Parameters$ - !3l-zGS_oBJ8rcg3ae3E5vcg3F6qbf3bf1be3ag2D7lV6pce1ae3K9ip?ZW4LlpV'
23:47:10.418 [scala-execution-context-global-154] INFO  HelperUtils.Parameters$ - &).Yth}C(rvs#`km1I1nDz[)XZs31k[JiP>HKQ
23:47:10.430 [scala-execution-context-global-154] INFO  HelperUtils.Parameters$ - H>bwC1HRwf3}c4xgCUx]KU*V|Pn~'\Rm#gJkTA\Dr2
23:47:10.462 [scala-execution-context-global-154] INFO  HelperUtils.Parameters$ - AfLjag$%?9P'4Wa2.-
23:47:10.473 [scala-execution-context-global-154] INFO  HelperUtils.Parameters$ - %t1%vda,ND2@~[LmG&8+9%%hQA\bf3af0O5vL7kag2Fo]:>=zWJ83I|p(DAyBzws1RRRY
23:47:10.485 [scala-execution-context-global-154] WARN  HelperUtils.Parameters$ - c<iZuN&0:,-$kSeejel{@+FGE]Rag0H8rZ9tY8gag2K7fO7jP8pJ6qaf1bf3be0be1-R&Y\5iAKs+wGu[6Rv~.TVgXN^F
23:47:10.496 [scala-execution-context-global-154] INFO  HelperUtils.Parameters$ - u{lW($S3^UK.<:#[sL~>u_S^6%YM
23:47:10.526 [scala-execution-context-global-154] INFO  HelperUtils.Parameters$ - wLCSBS@S?usMv?^NIs|y&:oT,Kn7>A
23:47:10.537 [scala-execution-context-global-154] INFO  HelperUtils.Parameters$ - 6yQf'X;>_5]-eZn3I0UK@2/o>GFnl%oBvuU`^3Mkg;+5}oU^A=iV$$!=yo
23:47:10.550 [scala-execution-context-global-154] INFO  HelperUtils.Parameters$ - n<z|B9gae1af0bg2R9lC9wcg3@EAR3],
23:47:10.561 [scala-execution-context-global-154] DEBUG HelperUtils.Parameters$ - BnZUpQRIw:RzGN2oZ*-\*@6"_!v<X5B^7wczCnjR7z+{hp(J
23:47:10.578 [scala-execution-context-global-154] INFO  HelperUtils.Parameters$ - _rn4[dRpu<Y'+s=s)g.`B~B-@=%*2Y;wJ1
23:47:10.589 [scala-execution-context-global-154] WARN  HelperUtils.Parameters$ - .cj?44&LcG4nb6<dn,z#Z>~iqq:me@dT>"gRv&IuLtOvP)
23:47:10.601 [scala-execution-context-global-154] INFO  HelperUtils.Parameters$ - Ddd>G}}b,46+{]A||mSQ|.2xinGP6lA?
23:47:10.613 [scala-execution-context-global-154] WARN  HelperUtils.Parameters$ - gF95lcIY_tWqQ,)KgeU~
23:47:10.639 [scala-execution-context-global-154] DEBUG HelperUtils.Parameters$ - 6nWLr31,\xX1=Fl}qU;y
23:47:10.650 [scala-execution-context-global-154] INFO  HelperUtils.Parameters$ - /E>%|]h7i\ZHvy7jU\n^NO*J
23:47:10.662 [scala-execution-context-global-154] WARN  HelperUtils.Parameters$ - +IC,boKS"RcUU,ubf1bg0cf1V5lI8fR?(Cf^VI/\]5xo1
23:47:10.674 [scala-execution-context-global-154] WARN  HelperUtils.Parameters$ - Z_A253Bw,<o&k6=]#IyXS!m>M>;U
23:47:10.709 [scala-execution-context-global-154] WARN  HelperUtils.Parameters$ - }K*~+IPbf0M5uQ5uag0O9jF9rO6sc,^&/(\
23:47:10.720 [scala-execution-context-global-154] INFO  Generation.LogMsgSimulator - W3IRgF@;SW*P8a.98*1{C}1-R\"WL"
23:47:10.731 [scala-execution-context-global-154] INFO  HelperUtils.Parameters$ - (/82PSQZK.\ABFY$y&o?7IK8VaysEK$J1ah#6guL_40v
23:47:10.743 [scala-execution-context-global-154] INFO  HelperUtils.Parameters$ - =]H"#Ir#9Rzo(_iS[,x->&{?0@r[3Q86+0sd*%^TX#kr#G24Fe%WIJ
23:47:10.767 [scala-execution-context-global-154] INFO  HelperUtils.Parameters$ - OO{Ow=VQ6lZ7iag2be3Y5om.Wm4WC
23:47:10.781 [scala-execution-context-global-154] INFO  HelperUtils.Parameters$ - ?R=>5umhe=)ztrtuH9jX:UWa78&P8bf0be1ag1N6fcg2T7lbf2WXHH6#-@,HGz~pY]&5CTap1<4e{i?
23:47:10.793 [scala-execution-context-global-154] WARN  HelperUtils.Parameters$ - UGPpuD&dBkMPPGF_)5nZZ1
23:47:10.826 [scala-execution-context-global-154] INFO  HelperUtils.Parameters$ - <F3lp@e0`f+F5cO}'&$sF,a-%n)(@tvfW@h%<.?2\eea
23:47:10.837 [scala-execution-context-global-154] INFO  HelperUtils.Parameters$ - [&p}M2tY~<x<(AbYTOA,M^Os39ub>&di?&\@
23:47:10.850 [scala-execution-context-global-154] WARN  HelperUtils.Parameters$ - W"PF[o{(iH`XfRO34=Jr0NET4w\yyfqYh3}XUQMt44
23:47:10.862 [scala-execution-context-global-154] INFO  HelperUtils.Parameters$ - ,foXp<{['fQih|wI;BG:[QXAS`RRypW0]E^+s,x6YhYMSD
23:47:10.896 [scala-execution-context-global-154] INFO  HelperUtils.Parameters$ - w!g-QrolK*'=+NWq
23:47:10.907 [scala-execution-context-global-154] WARN  HelperUtils.Parameters$ - )-1YtBjFDS5LUC*Oy]xrr%V}lo^)t69B?G0vm5=%iGCm7_U1AwPjb$30BRLa
23:47:10.918 [scala-execution-context-global-154] WARN  HelperUtils.Parameters$ - q+[)y`go]/e)Jovs'V_%KIXN'!bC76mx@eFP{2ga=[TG/_jQ<v6];z
23:47:10.935 [scala-execution-context-global-154] WARN  HelperUtils.Parameters$ - ~qUuS${lPo0`M!d"|8ISO8ep==uYQn*;.#0r.}H.*#01j2ZH[9]di_IY
23:47:10.946 [scala-execution-context-global-154] WARN  HelperUtils.Parameters$ - 'Uf5=/xQ$ujOEd(We`*!bPWG72hwRt:fj/1t<P5b#NM)ohFBA9z/
23:47:10.958 [scala-execution-context-global-154] WARN  HelperUtils.Parameters$ - i12?.-#&j[~!G2.)LPx7lv[H@RNNTmek;kY9dvZ@{BApbq|TJ8
23:47:10.969 [scala-execution-context-global-154] WARN  HelperUtils.Parameters$ - O8.FN$bpxDV`m3\;
23:47:10.985 [scala-execution-context-global-154] INFO  HelperUtils.Parameters$ - #o2\IODE_kgAyni=b/y[,#x+Zx:n{Yh~gP2#lH`(*^
23:47:10.998 [scala-execution-context-global-154] WARN  HelperUtils.Parameters$ - 4hFA%?ffYBM:w<2f_K*f.z8ndpi3X:$LoDiUEApQ]xUFFB2p}LsjjiJd
23:47:11.009 [scala-execution-context-global-154] WARN  HelperUtils.Parameters$ - +fsO]8"liS(ae1be1E5maf0bg1ag3be2ae2ce2A9oG7rnSGcyd_!1YQ
23:47:11.021 [scala-execution-context-global-154] WARN  HelperUtils.Parameters$ - 9lnXl&~KUx2HoPXW3o3In0.#:d&|
23:47:11.032 [scala-execution-context-global-154] WARN  HelperUtils.Parameters$ - ~Ul,*0N.YD/e!6NyH;&zZ&eh2u(e
23:47:11.044 [scala-execution-context-global-154] ERROR HelperUtils.Parameters$ - fq}\?ZTkyxwz7bUu#yb+c2gkWJ5|GYY{diV2'0}Vx'@f
23:47:11.055 [scala-execution-context-global-154] WARN  HelperUtils.Parameters$ - X7&YO0U^3Cfh1xM4{B2pj#6v*`R*Mh5npnCi@rW^rs`i]<k0y)H^HN&Kf*J'
23:47:11.072 [scala-execution-context-global-154] WARN  HelperUtils.Parameters$ - }G|FHzVR8nq#m_w4%OMJpG;5UXS=yUTZa`"o;Rg"9pX]`[:5m0(+_9P}
23:47:11.098 [scala-execution-context-global-154] WARN  HelperUtils.Parameters$ - avJgs(\b|WSwhj^9z>9Z~r
23:47:11.110 [scala-execution-context-global-154] WARN  HelperUtils.Parameters$ - mR[sSYWDgqh,kb"r*'?DqgkhpuGQTJy1Q{V*HVT<GAnIep|sY!DJUCn|OJ7v
23:47:11.122 [scala-execution-context-global-154] INFO  HelperUtils.Parameters$ - 9gI0~<^-G3hyV1bYG$1V)La*%]AV4$pv%K@P>!X0N1
23:47:11.134 [scala-execution-context-global-154] WARN  HelperUtils.Parameters$ - ;^"=w/i@+1WZF>M[p1L%w;)&Ir
23:47:11.159 [scala-execution-context-global-154] INFO  HelperUtils.Parameters$ - *~NVH'rs&]9sF+D%CvF8Om'GK'W9tR6sM7lU7sE7uzf6Q.]Q=++?;W}\+cf>oTA>rO%
23:47:11.172 [scala-execution-context-global-154] INFO  Generation.LogMsgSimulator - *])=)</h5Arto;_>Ln{ch5\Ah)@-Ean0A`yT~l]z[x
23:47:11.185 [scala-execution-context-global-154] WARN  HelperUtils.Parameters$ - UCd@F0^4rG6b?@zCIyS]6BdI,%F%bcTMb4mC*cDV*-1*
23:47:11.220 [scala-execution-context-global-154] WARN  HelperUtils.Parameters$ - G9l;9b/wad~>HIAK`{-`E;00z"C.Um%VSR8mJlSm
23:47:11.232 [scala-execution-context-global-154] INFO  HelperUtils.Parameters$ - zAm9tEOr):2o-I}"aTV%*}<(H>u18r3Nv\Q/kxlvQ_|L96L}r}
23:47:11.244 [scala-execution-context-global-154] INFO  HelperUtils.Parameters$ - e?W&.)lRKduD5lM4.,Zr]+7UiWs!=7Fj(qqDfj8sJH-W>g2LHg"4AA0FRM
23:47:11.256 [scala-execution-context-global-154] INFO  HelperUtils.Parameters$ - *23A,\b`sxbf1Z5sbg3Q7qag0>|}b\HXbRq
23:47:11.281 [scala-execution-context-global-154] INFO  HelperUtils.Parameters$ - 4pcdm#dyOvty>$w\I(6v<vH>o=U08\31,if]+m/p
23:47:11.293 [scala-execution-context-global-154] WARN  HelperUtils.Parameters$ - oWE2Se,ghno^Sbe0V6obe1Q9mS6laf2P9p/ZEBc=FBUDgbh
23:47:11.304 [scala-execution-context-global-154] WARN  HelperUtils.Parameters$ - TC/;}dW*@+3xoitQ.;xLLDW*%:]`rz7|Y-F0k}
23:47:11.317 [scala-execution-context-global-154] WARN  HelperUtils.Parameters$ - ,Gi%D9c[$&K/t|^9C8;3+$]zx;Baf0ce0bf0ce0G7pcg3|/\x8w,xSe2Alc|`~Mmca0#bCh$
23:47:11.344 [scala-execution-context-global-154] WARN  HelperUtils.Parameters$ - GQi3.^NxQK\V
23:47:11.355 [scala-execution-context-global-154] WARN  HelperUtils.Parameters$ - rw-*Es]N)Qb&
23:47:11.367 [scala-execution-context-global-154] INFO  HelperUtils.Parameters$ - +<p}"p1bg0D5wU9paf1H7tR9hD7kbg3cf1JEC:+J@
23:47:11.381 [scala-execution-context-global-154] INFO  HelperUtils.Parameters$ - |ZSif~rLo3RxI5Z09PT1Pg@3x\n)~d
23:47:11.406 [scala-execution-context-global-154] INFO  HelperUtils.Parameters$ - GwPZL#)_`j2upesFYqD$X^WxPL5VcSUZ
23:47:11.417 [scala-execution-context-global-154] WARN  HelperUtils.Parameters$ - `{9oy.$6?&f,w`xXU;\6BxzZfGn[y*Pat+~ibI2#F5b6a>
23:47:11.430 [scala-execution-context-global-154] INFO  HelperUtils.Parameters$ - 38xct%x|BQ~@npm`d_AC3-#0O9oq3Av}
23:47:11.446 [scala-execution-context-global-154] WARN  HelperUtils.Parameters$ - duW?9rx0`2NtDC^\1TH~
23:47:11.457 [scala-execution-context-global-154] WARN  HelperUtils.Parameters$ - NueWJ8d?+6T;B^tU+#@/{M42>dBD8o~U|0QUVBGmtUEFOE
23:47:11.468 [scala-execution-context-global-154] INFO  Generation.LogMsgSimulator - BhdM,QMVTQS]eL[AlL#L#?-n=%OU?+mqcpj|z^\`d*-:;s|TqW0FC&>p
23:47:11.480 [scala-execution-context-global-154] INFO  HelperUtils.Parameters$ - #@3yV3]v)#W*Y4JsQ(&87HQ9-ZiaN_)kt-F9'H\%'eUcjQ^>
23:47:11.492 [scala-execution-context-global-154] INFO  HelperUtils.Parameters$ - y?{+rpwK";o.zq9q#Kt$Jkt7']@a)Tti0!DA@0XY"=m($O
23:47:11.503 [scala-execution-context-global-154] WARN  HelperUtils.Parameters$ - 6j+$UK$-Te:)E\
23:47:11.515 [scala-execution-context-global-154] INFO  HelperUtils.Parameters$ - %,Iv@Quch^n~vOV~3^hs+/Q`ae0cf2M8vT5qcf1B9tM9icf1t5Y$,|<kALN`o;>%;5Y5!O_g
23:47:11.526 [scala-execution-context-global-154] INFO  HelperUtils.Parameters$ - Pw9OO.A*"Fnu(A:<9609S~EN#ZN:ebf1cf0cf0Y6wT8tC7oN9hcf2S8s%17E;r7L<}_*[1%]Of6#:aoEAV,29
23:47:11.542 [scala-execution-context-global-154] INFO  HelperUtils.Parameters$ - B82"3@G%'^F".Yq}WB";[vSCd3k>Rzj*pz
23:47:11.568 [scala-execution-context-global-154] WARN  HelperUtils.Parameters$ - b]D_#R.rh[;PG&uNPKnlF\!EW2[tZ4%l?F
23:47:11.579 [scala-execution-context-global-154] WARN  HelperUtils.Parameters$ - \m3EP9O4-Scyp>>R#?
23:47:11.592 [scala-execution-context-global-154] INFO  HelperUtils.Parameters$ - ANvP[Ra7xLY>[*}cM4m0lFAzF):#ae1V7oE5fN9raf3Z5fQG@p?#G`9Z:<p8_b(Rjm]}O{Q~R2
23:47:11.603 [scala-execution-context-global-154] WARN  HelperUtils.Parameters$ - >{,mfij#^|GjT:1wNv$%LM,6akLmI^Iq+0uK12X^y.q1.Ca$J7Be/g
23:47:11.615 [scala-execution-context-global-154] WARN  HelperUtils.Parameters$ - m)b^GC#X,j]b^G%?CPMuQ"+H;f8Rgt
23:47:11.626 [scala-execution-context-global-154] INFO  HelperUtils.Parameters$ - cY'%\4ZE_05B?|Tzes,c:{M_8*3*is
23:47:11.644 [scala-execution-context-global-154] INFO  HelperUtils.Parameters$ - k"]4*Rva^#Owpe%uCxiL}^KZ(p*cC'g.TC8v>==.OkVQr~$ufg,PWcb]
23:47:11.670 [scala-execution-context-global-154] INFO  HelperUtils.Parameters$ - uJ]~7Z$!0z6V$Jl/TveChKy/3ltshqGu<qzNPa
23:47:11.682 [scala-execution-context-global-154] WARN  HelperUtils.Parameters$ - 6D>J7b2+/^L\-h"sCq4lBiZw
23:47:11.693 [scala-execution-context-global-154] INFO  HelperUtils.Parameters$ - ;7,HFnCPeT"a]Kyv}%d(X(1_1?T&mJ*X7Of&Tj5H)UbMj-kbqU~ytvr|
23:47:11.705 [scala-execution-context-global-154] WARN  HelperUtils.Parameters$ - B&A:1z?L50lj'=Vl4tuxa9aygzno#yK$d4p%W,m_
23:47:11.729 [scala-execution-context-global-154] INFO  HelperUtils.Parameters$ - Y>%}M:TXuaF~w|)A]3F1qWt4i,
23:47:11.740 [scala-execution-context-global-154] WARN  HelperUtils.Parameters$ - (EqyrE;-"#qo2O,h~\7}Q)
23:47:11.751 [scala-execution-context-global-154] INFO  Generation.LogMsgSimulator - w0IWkJgC;?u!{wz6!mcc85
23:47:11.763 [scala-execution-context-global-154] INFO  HelperUtils.Parameters$ - 'q*/^Bs;ElXDU/&-</Y6mV8gcg2af1cf2C7sC8pcf1D:Ob5DxAdjUgT+`u[V
23:47:11.780 [scala-execution-context-global-154] INFO  HelperUtils.Parameters$ - #lRN9^7Io<$oV?g7eJL>Lo
23:47:11.791 [scala-execution-context-global-154] INFO  HelperUtils.Parameters$ - X0h"c_v;^cAlC{Fe;="[Ynsc;A+N:aAq3L<#F17Cltcl0&kg
23:47:11.803 [scala-execution-context-global-154] WARN  HelperUtils.Parameters$ - VoI;LOU$FVJ7kA6nS9obf1af1bg2bg1BrS,Nczy~0
23:47:11.815 [scala-execution-context-global-154] WARN  HelperUtils.Parameters$ - 8&m7WKd>g5e_
23:47:11.830 [scala-execution-context-global-154] INFO  HelperUtils.Parameters$ - 6%hmQM$&]eGu&4e,]E=gX1
23:47:11.842 [scala-execution-context-global-154] INFO  HelperUtils.Parameters$ - r%k=lc()8\vJIWwY%X"!on(1|Sa4"$=h]o-$rS!MEHqV
23:47:11.854 [scala-execution-context-global-154] INFO  HelperUtils.Parameters$ - g}0?K{).Oy)"d'<]vWG6L#<FcH{P,rWfB%<VFv
23:47:11.866 [scala-execution-context-global-154] INFO  HelperUtils.Parameters$ - <*h7jD$~G~@U{gGNF#/0sVR%Tjvaf|SfC[@mD/;>',
23:47:11.893 [scala-execution-context-global-154] INFO  HelperUtils.Parameters$ - Q)b;#01b5?h85+q`j+8P#6dbgh`RJWw<&+l5USj9h$Gx<^s,6]A-!7~V\jhA
23:47:11.905 [scala-execution-context-global-154] INFO  HelperUtils.Parameters$ - /~Lr1&<Pi&)4!tuuG5tbf2M8tL7nN8kO?pC0hn)!ljZgZ^s
23:47:11.916 [scala-execution-context-global-154] INFO  HelperUtils.Parameters$ - 0k[J"}]7o%jV)=
23:47:11.928 [scala-execution-context-global-154] WARN  HelperUtils.Parameters$ - "QNmO{9X?egGI[uY;7QV+|
23:47:11.952 [scala-execution-context-global-154] INFO  HelperUtils.Parameters$ - v[}Gp)I_*rV~0XMd[cf0G9vae0V8tbe2PD2fw&bMY8AW3^3Ll
23:47:11.965 [scala-execution-context-global-154] WARN  HelperUtils.Parameters$ - d?s'uo~|(%Uk&yMOv6gBGx>P
23:47:11.976 [scala-execution-context-global-154] INFO  HelperUtils.Parameters$ - DH1PHq,YzSBg\9l_$2cf,uB8YxD=YJ$"4]mU8gbA+@YKZk{$N,>N't
23:47:11.988 [scala-execution-context-global-154] INFO  HelperUtils.Parameters$ - F`h*$w^mopv5/2L<B32T=XCnjrZ0+(cg2ag0W8obe3P5wJ5mbe2[y$N_$o7195yod$_KYmYD<J=CM,${M
23:47:12.000 [scala-execution-context-global-154] INFO  HelperUtils.Parameters$ - W>3_wXfM[LT4X,O6L%%,"M{LtA50/]=^MT-1VD$Gj,eX"|on
23:47:12.011 [scala-execution-context-global-154] WARN  HelperUtils.Parameters$ - hSQ*{*j-=*&t!Y`)7eAV
23:47:12.011 [run-main-0] INFO  GenerateLogData$ - Log data generation has completed within the allocated time, 10 minutes
23:47:12.024 [scala-execution-context-global-154] INFO  HelperUtils.Parameters$ - wg+^*s(/3lRwag0ae2V8sR7maf0P%RfK94jW@p^
23:47:12.038 [scala-execution-context-global-154] WARN  HelperUtils.Parameters$ - 2wC--~4fY*\2ZCx:)UF4n,VH8!YV
23:47:12.069 [scala-execution-context-global-154] INFO  HelperUtils.Parameters$ - VzM[pD|ae2bg3bf3L9gT5ucf2e|G3l6+
23:47:12.081 [scala-execution-context-global-154] WARN  HelperUtils.Parameters$ - xeF[+/.Ul.65iSQ+{2/$}<ojF'a9}%V<,U
23:47:12.093 [scala-execution-context-global-154] INFO  HelperUtils.Parameters$ - q.r~-@232zB\juIGo4m*
23:47:12.111 [scala-execution-context-global-154] WARN  HelperUtils.Parameters$ - PP;%78-'\n,P.i-[f(608}|=iXJU]7ZlHGk3
